<?xml version="1.0" encoding="UTF-8"?>
<testsuite xmlns:xsi="http://www.w3.org/2001/XMLSchema-instance" xsi:noNamespaceSchemaLocation="https://maven.apache.org/surefire/maven-surefire-plugin/xsd/surefire-test-report.xsd" version="3.0.2" name="com.clinzo.controller.SlotControllerTest" time="0.375" tests="2" errors="0" skipped="0" failures="0">
  <properties>
[...]
</properties>
  <testcase name="holdSlot_conflict_returns409" classname="com.clinzo.controller.SlotControllerTest" time="0.131">
    <system-out><![CDATA[2026-07-27T15:24:02.260+05:30  INFO 100295 --- [clinzo] [           main] t.c.s.AnnotationConfigContextLoaderUtils : Could not detect default configuration classes for test class [com.clinzo.controller.SlotControllerTest]: SlotControllerTest does not declare any static, non-private, non-final, nested classes annotated with @Configuration.
2026-07-27T15:24:02.286+05:30  INFO 100295 --- [clinzo] [           main] .b.t.c.SpringBootTestContextBootstrapper : Found @SpringBootConfiguration com.clinzo.ClinzoApplication for test class com.clinzo.controller.SlotControllerTest
2026-07-27T15:24:02.312+05:30 DEBUG 100295 --- [clinzo] [           main] org.hibernate.SQL                        : select b1_0.id,b1_0.created_at,b1_0.hold_expires_at,b1_0.hold_token,b1_0.patient_id,b1_0.slot_id,b1_0.status,b1_0.updated_at from bookings b1_0
2026-07-27T15:24:02.315+05:30 DEBUG 100295 --- [clinzo] [           main] org.hibernate.SQL                        : delete from bookings where id=?
2026-07-27T15:24:02.324+05:30 DEBUG 100295 --- [clinzo] [           main] org.hibernate.SQL                        : select s1_0.id,s1_0.availability_window_id,s1_0.created_at,s1_0.doctor_id,s1_0.end_time_utc,s1_0.start_time_utc,s1_0.status,s1_0.updated_at,s1_0.version from slots s1_0
2026-07-27T15:24:02.329+05:30 DEBUG 100295 --- [clinzo] [           main] org.hibernate.SQL                        : delete from slots where id=? and version=?
2026-07-27T15:24:02.332+05:30 DEBUG 100295 --- [clinzo] [           main] org.hibernate.SQL                        : delete from slots where id=? and version=?
2026-07-27T15:24:02.335+05:30 DEBUG 100295 --- [clinzo] [           main] org.hibernate.SQL                        : delete from slots where id=? and version=?
2026-07-27T15:24:02.338+05:30 DEBUG 100295 --- [clinzo] [           main] org.hibernate.SQL                        : delete from slots where id=? and version=?
2026-07-27T15:24:02.339+05:30 DEBUG 100295 --- [clinzo] [           main] org.hibernate.SQL                        : delete from slots where id=? and version=?
2026-07-27T15:24:02.342+05:30 DEBUG 100295 --- [clinzo] [           main] org.hibernate.SQL                        : delete from slots where id=? and version=?
2026-07-27T15:24:02.345+05:30 DEBUG 100295 --- [clinzo] [           main] org.hibernate.SQL                        : delete from slots where id=? and version=?
2026-07-27T15:24:02.349+05:30 DEBUG 100295 --- [clinzo] [           main] org.hibernate.SQL                        : select aw1_0.id,aw1_0.active,aw1_0.appointment_type,aw1_0.buffer_minutes,aw1_0.created_at,aw1_0.day_of_week,aw1_0.doctor_id,aw1_0.end_time_utc,aw1_0.is_recurring,aw1_0.slot_duration_minutes,aw1_0.specific_date,aw1_0.start_time_utc,aw1_0.updated_at from availability_windows aw1_0
2026-07-27T15:24:02.353+05:30 DEBUG 100295 --- [clinzo] [           main] org.hibernate.SQL                        : delete from availability_windows where id=?
2026-07-27T15:24:02.354+05:30 DEBUG 100295 --- [clinzo] [           main] org.hibernate.SQL                        : delete from availability_windows where id=?
2026-07-27T15:24:02.365+05:30 DEBUG 100295 --- [clinzo] [           main] org.hibernate.SQL                        : select d1_0.id,d1_0.created_at,d1_0.name,d1_0.timezone,d1_0.updated_at from doctors d1_0
2026-07-27T15:24:02.369+05:30 DEBUG 100295 --- [clinzo] [           main] org.hibernate.SQL                        : delete from doctors where id=?
2026-07-27T15:24:02.378+05:30 DEBUG 100295 --- [clinzo] [           main] org.hibernate.SQL                        : insert into doctors (created_at,name,timezone,updated_at) values (?,?,?,?)
2026-07-27T15:24:02.385+05:30 DEBUG 100295 --- [clinzo] [           main] org.hibernate.SQL                        : insert into availability_windows (active,appointment_type,buffer_minutes,created_at,day_of_week,doctor_id,end_time_utc,is_recurring,slot_duration_minutes,specific_date,start_time_utc,updated_at) values (?,?,?,?,?,?,?,?,?,?,?,?)
2026-07-27T15:24:02.394+05:30 DEBUG 100295 --- [clinzo] [           main] org.hibernate.SQL                        : insert into slots (availability_window_id,created_at,doctor_id,end_time_utc,start_time_utc,status,updated_at,version) values (?,?,?,?,?,?,?,?)
2026-07-27T15:24:02.399+05:30 DEBUG 100295 --- [clinzo] [           main] org.hibernate.SQL                        : insert into slots (availability_window_id,created_at,doctor_id,end_time_utc,start_time_utc,status,updated_at,version) values (?,?,?,?,?,?,?,?)
2026-07-27T15:24:02.414+05:30  INFO 100295 --- [clinzo] [           main] com.clinzo.controller.SlotController     : REST request to hold slot 28 for patient patient-hold-2
2026-07-27T15:24:02.415+05:30 DEBUG 100295 --- [clinzo] [           main] org.hibernate.SQL                        : select s1_0.id,s1_0.availability_window_id,s1_0.created_at,s1_0.doctor_id,s1_0.end_time_utc,s1_0.start_time_utc,s1_0.status,s1_0.updated_at,s1_0.version from slots s1_0 where s1_0.id=?
]]></system-out>
  </testcase>
  <testcase name="holdSlot_success_returns200" classname="com.clinzo.controller.SlotControllerTest" time="0.194">
    <system-out><![CDATA[2026-07-27T15:24:02.439+05:30 DEBUG 100295 --- [clinzo] [           main] org.hibernate.SQL                        : select b1_0.id,b1_0.created_at,b1_0.hold_expires_at,b1_0.hold_token,b1_0.patient_id,b1_0.slot_id,b1_0.status,b1_0.updated_at from bookings b1_0
2026-07-27T15:24:02.443+05:30 DEBUG 100295 --- [clinzo] [           main] org.hibernate.SQL                        : select s1_0.id,s1_0.availability_window_id,s1_0.created_at,s1_0.doctor_id,s1_0.end_time_utc,s1_0.start_time_utc,s1_0.status,s1_0.updated_at,s1_0.version from slots s1_0
2026-07-27T15:24:02.446+05:30 DEBUG 100295 --- [clinzo] [           main] org.hibernate.SQL                        : delete from slots where id=? and version=?
2026-07-27T15:24:02.448+05:30 DEBUG 100295 --- [clinzo] [           main] org.hibernate.SQL                        : delete from slots where id=? and version=?
2026-07-27T15:24:02.452+05:30 DEBUG 100295 --- [clinzo] [           main] org.hibernate.SQL                        : select aw1_0.id,aw1_0.active,aw1_0.appointment_type,aw1_0.buffer_minutes,aw1_0.created_at,aw1_0.day_of_week,aw1_0.doctor_id,aw1_0.end_time_utc,aw1_0.is_recurring,aw1_0.slot_duration_minutes,aw1_0.specific_date,aw1_0.start_time_utc,aw1_0.updated_at from availability_windows aw1_0
2026-07-27T15:24:02.455+05:30 DEBUG 100295 --- [clinzo] [           main] org.hibernate.SQL                        : delete from availability_windows where id=?
2026-07-27T15:24:02.460+05:30 DEBUG 100295 --- [clinzo] [           main] org.hibernate.SQL                        : select d1_0.id,d1_0.created_at,d1_0.name,d1_0.timezone,d1_0.updated_at from doctors d1_0
2026-07-27T15:24:02.464+05:30 DEBUG 100295 --- [clinzo] [           main] org.hibernate.SQL                        : delete from doctors where id=?
2026-07-27T15:24:02.472+05:30 DEBUG 100295 --- [clinzo] [           main] org.hibernate.SQL                        : insert into doctors (created_at,name,timezone,updated_at) values (?,?,?,?)
2026-07-27T15:24:02.477+05:30 DEBUG 100295 --- [clinzo] [           main] org.hibernate.SQL                        : insert into availability_windows (active,appointment_type,buffer_minutes,created_at,day_of_week,doctor_id,end_time_utc,is_recurring,slot_duration_minutes,specific_date,start_time_utc,updated_at) values (?,?,?,?,?,?,?,?,?,?,?,?)
2026-07-27T15:24:02.485+05:30 DEBUG 100295 --- [clinzo] [           main] org.hibernate.SQL                        : insert into slots (availability_window_id,created_at,doctor_id,end_time_utc,start_time_utc,status,updated_at,version) values (?,?,?,?,?,?,?,?)
2026-07-27T15:24:02.493+05:30 DEBUG 100295 --- [clinzo] [           main] org.hibernate.SQL                        : insert into slots (availability_window_id,created_at,doctor_id,end_time_utc,start_time_utc,status,updated_at,version) values (?,?,?,?,?,?,?,?)
2026-07-27T15:24:02.503+05:30  INFO 100295 --- [clinzo] [           main] com.clinzo.controller.SlotController     : REST request to hold slot 29 for patient patient-hold-1
2026-07-27T15:24:02.508+05:30 DEBUG 100295 --- [clinzo] [           main] org.hibernate.SQL                        : select s1_0.id,s1_0.availability_window_id,s1_0.created_at,s1_0.doctor_id,s1_0.end_time_utc,s1_0.start_time_utc,s1_0.status,s1_0.updated_at,s1_0.version from slots s1_0 where s1_0.id=?
2026-07-27T15:24:02.582+05:30 DEBUG 100295 --- [clinzo] [           main] org.hibernate.SQL                        : update slots s1_0 set status=?,version=(s1_0.version+1),updated_at=? where s1_0.id=? and s1_0.version=? and s1_0.status in (?)
2026-07-27T15:24:02.586+05:30 DEBUG 100295 --- [clinzo] [           main] org.hibernate.SQL                        : insert into bookings (created_at,hold_expires_at,hold_token,patient_id,slot_id,status,updated_at) values (?,?,?,?,?,?,?)
2026-07-27T15:24:02.600+05:30  INFO 100295 --- [clinzo] [           main] com.clinzo.service.HoldService           : Successfully held slot 29 for patient patient-hold-1, token: 6d593473-77fb-4687-a5e3-af90dc9c33ab, expiresAt: 2026-07-27T09:56:02.585150107Z
2026-07-27T15:24:02.617+05:30 DEBUG 100295 --- [clinzo] [           main] org.hibernate.SQL                        : select s1_0.id,s1_0.availability_window_id,s1_0.created_at,s1_0.doctor_id,s1_0.end_time_utc,s1_0.start_time_utc,s1_0.status,s1_0.updated_at,s1_0.version from slots s1_0 where s1_0.id=?
]]></system-out>
  </testcase>
</testsuite>