<?xml version="1.0" encoding="UTF-8"?>
<testsuite xmlns:xsi="http://www.w3.org/2001/XMLSchema-instance" xsi:noNamespaceSchemaLocation="https://maven.apache.org/surefire/maven-surefire-plugin/xsd/surefire-test-report.xsd" version="3.0.2" name="com.clinzo.service.HoldServiceTest" time="0.975" tests="5" errors="0" skipped="0" failures="0">
  <properties>
[...]
</properties>
  <testcase name="holdSlot_success" classname="com.clinzo.service.HoldServiceTest" time="0.279">
    <system-out><![CDATA[2026-07-26T04:27:34.366+05:30  INFO 957981 --- [clinzo] [           main] t.c.s.AnnotationConfigContextLoaderUtils : Could not detect default configuration classes for test class [com.clinzo.service.HoldServiceTest]: HoldServiceTest does not declare any static, non-private, non-final, nested classes annotated with @Configuration.
2026-07-26T04:27:34.497+05:30  INFO 957981 --- [clinzo] [           main] .b.t.c.SpringBootTestContextBootstrapper : Found @SpringBootConfiguration com.clinzo.ClinzoApplication for test class com.clinzo.service.HoldServiceTest
2026-07-26T04:27:34.606+05:30 DEBUG 957981 --- [clinzo] [           main] org.hibernate.SQL                        : select b1_0.id,b1_0.created_at,b1_0.hold_expires_at,b1_0.hold_token,b1_0.patient_id,b1_0.slot_id,b1_0.status,b1_0.updated_at from bookings b1_0
2026-07-26T04:27:34.628+05:30 DEBUG 957981 --- [clinzo] [           main] org.hibernate.SQL                        : delete from bookings where id=?
2026-07-26T04:27:34.643+05:30 DEBUG 957981 --- [clinzo] [           main] org.hibernate.SQL                        : select s1_0.id,s1_0.availability_window_id,s1_0.created_at,s1_0.doctor_id,s1_0.end_time_utc,s1_0.start_time_utc,s1_0.status,s1_0.updated_at,s1_0.version from slots s1_0
2026-07-26T04:27:34.650+05:30 DEBUG 957981 --- [clinzo] [           main] org.hibernate.SQL                        : delete from slots where id=? and version=?
2026-07-26T04:27:34.664+05:30 DEBUG 957981 --- [clinzo] [           main] org.hibernate.SQL                        : select aw1_0.id,aw1_0.active,aw1_0.appointment_type,aw1_0.buffer_minutes,aw1_0.created_at,aw1_0.day_of_week,aw1_0.doctor_id,aw1_0.end_time_utc,aw1_0.is_recurring,aw1_0.slot_duration_minutes,aw1_0.specific_date,aw1_0.start_time_utc,aw1_0.updated_at from availability_windows aw1_0
2026-07-26T04:27:34.667+05:30 DEBUG 957981 --- [clinzo] [           main] org.hibernate.SQL                        : delete from availability_windows where id=?
2026-07-26T04:27:34.680+05:30 DEBUG 957981 --- [clinzo] [           main] org.hibernate.SQL                        : select d1_0.id,d1_0.created_at,d1_0.name,d1_0.timezone,d1_0.updated_at from doctors d1_0
2026-07-26T04:27:34.695+05:30 DEBUG 957981 --- [clinzo] [           main] org.hibernate.SQL                        : delete from doctors where id=?
2026-07-26T04:27:34.715+05:30 DEBUG 957981 --- [clinzo] [           main] org.hibernate.SQL                        : insert into doctors (created_at,name,timezone,updated_at) values (?,?,?,?)
2026-07-26T04:27:34.726+05:30 DEBUG 957981 --- [clinzo] [           main] org.hibernate.SQL                        : insert into availability_windows (active,appointment_type,buffer_minutes,created_at,day_of_week,doctor_id,end_time_utc,is_recurring,slot_duration_minutes,specific_date,start_time_utc,updated_at) values (?,?,?,?,?,?,?,?,?,?,?,?)
2026-07-26T04:27:34.736+05:30 DEBUG 957981 --- [clinzo] [           main] org.hibernate.SQL                        : insert into slots (availability_window_id,created_at,doctor_id,end_time_utc,start_time_utc,status,updated_at,version) values (?,?,?,?,?,?,?,?)
2026-07-26T04:27:34.745+05:30 DEBUG 957981 --- [clinzo] [           main] org.hibernate.SQL                        : select s1_0.id,s1_0.availability_window_id,s1_0.created_at,s1_0.doctor_id,s1_0.end_time_utc,s1_0.start_time_utc,s1_0.status,s1_0.updated_at,s1_0.version from slots s1_0 where s1_0.id=?
2026-07-26T04:27:34.806+05:30 DEBUG 957981 --- [clinzo] [           main] org.hibernate.SQL                        : update slots s1_0 set status=?,version=(s1_0.version+1),updated_at=? where s1_0.id=? and s1_0.version=? and s1_0.status in (?)
2026-07-26T04:27:34.810+05:30 DEBUG 957981 --- [clinzo] [           main] org.hibernate.SQL                        : insert into bookings (created_at,hold_expires_at,hold_token,patient_id,slot_id,status,updated_at) values (?,?,?,?,?,?,?)
2026-07-26T04:27:34.813+05:30  INFO 957981 --- [clinzo] [           main] com.clinzo.service.HoldService           : Successfully held slot 2 for patient patient-101, token: 6523a883-2930-4714-a145-7f95ecc3ec29, expiresAt: 2026-07-25T22:59:34.809144827Z
2026-07-26T04:27:34.824+05:30 DEBUG 957981 --- [clinzo] [           main] org.hibernate.SQL                        : select s1_0.id,s1_0.availability_window_id,s1_0.created_at,s1_0.doctor_id,s1_0.end_time_utc,s1_0.start_time_utc,s1_0.status,s1_0.updated_at,s1_0.version from slots s1_0 where s1_0.id=?
]]></system-out>
  </testcase>
  <testcase name="confirmBooking_validHoldToken_success" classname="com.clinzo.service.HoldServiceTest" time="0.171">
    <system-out><![CDATA[2026-07-26T04:27:34.861+05:30 DEBUG 957981 --- [clinzo] [           main] org.hibernate.SQL                        : select b1_0.id,b1_0.created_at,b1_0.hold_expires_at,b1_0.hold_token,b1_0.patient_id,b1_0.slot_id,b1_0.status,b1_0.updated_at from bookings b1_0
2026-07-26T04:27:34.868+05:30 DEBUG 957981 --- [clinzo] [           main] org.hibernate.SQL                        : delete from bookings where id=?
2026-07-26T04:27:34.874+05:30 DEBUG 957981 --- [clinzo] [           main] org.hibernate.SQL                        : select s1_0.id,s1_0.availability_window_id,s1_0.created_at,s1_0.doctor_id,s1_0.end_time_utc,s1_0.start_time_utc,s1_0.status,s1_0.updated_at,s1_0.version from slots s1_0
2026-07-26T04:27:34.880+05:30 DEBUG 957981 --- [clinzo] [           main] org.hibernate.SQL                        : delete from slots where id=? and version=?
2026-07-26T04:27:34.891+05:30 DEBUG 957981 --- [clinzo] [           main] org.hibernate.SQL                        : select aw1_0.id,aw1_0.active,aw1_0.appointment_type,aw1_0.buffer_minutes,aw1_0.created_at,aw1_0.day_of_week,aw1_0.doctor_id,aw1_0.end_time_utc,aw1_0.is_recurring,aw1_0.slot_duration_minutes,aw1_0.specific_date,aw1_0.start_time_utc,aw1_0.updated_at from availability_windows aw1_0
2026-07-26T04:27:34.900+05:30 DEBUG 957981 --- [clinzo] [           main] org.hibernate.SQL                        : delete from availability_windows where id=?
2026-07-26T04:27:34.907+05:30 DEBUG 957981 --- [clinzo] [           main] org.hibernate.SQL                        : select d1_0.id,d1_0.created_at,d1_0.name,d1_0.timezone,d1_0.updated_at from doctors d1_0
2026-07-26T04:27:34.912+05:30 DEBUG 957981 --- [clinzo] [           main] org.hibernate.SQL                        : delete from doctors where id=?
2026-07-26T04:27:34.921+05:30 DEBUG 957981 --- [clinzo] [           main] org.hibernate.SQL                        : insert into doctors (created_at,name,timezone,updated_at) values (?,?,?,?)
2026-07-26T04:27:34.928+05:30 DEBUG 957981 --- [clinzo] [           main] org.hibernate.SQL                        : insert into availability_windows (active,appointment_type,buffer_minutes,created_at,day_of_week,doctor_id,end_time_utc,is_recurring,slot_duration_minutes,specific_date,start_time_utc,updated_at) values (?,?,?,?,?,?,?,?,?,?,?,?)
2026-07-26T04:27:34.937+05:30 DEBUG 957981 --- [clinzo] [           main] org.hibernate.SQL                        : insert into slots (availability_window_id,created_at,doctor_id,end_time_utc,start_time_utc,status,updated_at,version) values (?,?,?,?,?,?,?,?)
2026-07-26T04:27:34.946+05:30 DEBUG 957981 --- [clinzo] [           main] org.hibernate.SQL                        : select s1_0.id,s1_0.availability_window_id,s1_0.created_at,s1_0.doctor_id,s1_0.end_time_utc,s1_0.start_time_utc,s1_0.status,s1_0.updated_at,s1_0.version from slots s1_0 where s1_0.id=?
2026-07-26T04:27:34.953+05:30 DEBUG 957981 --- [clinzo] [           main] org.hibernate.SQL                        : update slots s1_0 set status=?,version=(s1_0.version+1),updated_at=? where s1_0.id=? and s1_0.version=? and s1_0.status in (?)
2026-07-26T04:27:34.956+05:30 DEBUG 957981 --- [clinzo] [           main] org.hibernate.SQL                        : insert into bookings (created_at,hold_expires_at,hold_token,patient_id,slot_id,status,updated_at) values (?,?,?,?,?,?,?)
2026-07-26T04:27:34.958+05:30  INFO 957981 --- [clinzo] [           main] com.clinzo.service.HoldService           : Successfully held slot 3 for patient patient-101, token: 45425ea6-356c-47d1-a2ea-4f56f93b4c7b, expiresAt: 2026-07-25T22:59:34.955341215Z
2026-07-26T04:27:34.961+05:30 DEBUG 957981 --- [clinzo] [           main] org.hibernate.SQL                        : select s1_0.id,s1_0.availability_window_id,s1_0.created_at,s1_0.doctor_id,s1_0.end_time_utc,s1_0.start_time_utc,s1_0.status,s1_0.updated_at,s1_0.version from slots s1_0 where s1_0.id=?
2026-07-26T04:27:34.968+05:30 DEBUG 957981 --- [clinzo] [           main] org.hibernate.SQL                        : update slots s1_0 set status=?,version=(s1_0.version+1),updated_at=? where s1_0.id=? and s1_0.version=? and s1_0.status in (?,?)
2026-07-26T04:27:34.979+05:30 DEBUG 957981 --- [clinzo] [           main] org.hibernate.SQL                        : select b1_0.id,b1_0.created_at,b1_0.hold_expires_at,b1_0.hold_token,b1_0.patient_id,b1_0.slot_id,b1_0.status,b1_0.updated_at from bookings b1_0 where b1_0.slot_id=? and b1_0.hold_token=?
2026-07-26T04:27:34.985+05:30  INFO 957981 --- [clinzo] [           main] com.clinzo.service.BookingService        : Booking confirmed successfully: bookingId=3, slotId=3, patientId=patient-101
2026-07-26T04:27:34.998+05:30 DEBUG 957981 --- [clinzo] [           main] org.hibernate.SQL                        : update bookings set hold_expires_at=?,hold_token=?,patient_id=?,slot_id=?,status=?,updated_at=? where id=?
2026-07-26T04:27:35.008+05:30 DEBUG 957981 --- [clinzo] [           main] org.hibernate.SQL                        : select s1_0.id,s1_0.availability_window_id,s1_0.created_at,s1_0.doctor_id,s1_0.end_time_utc,s1_0.start_time_utc,s1_0.status,s1_0.updated_at,s1_0.version from slots s1_0 where s1_0.id=?
]]></system-out>
  </testcase>
  <testcase name="confirmBooking_expiredHoldToken_rejected" classname="com.clinzo.service.HoldServiceTest" time="0.107">
    <system-out><![CDATA[2026-07-26T04:27:35.031+05:30 DEBUG 957981 --- [clinzo] [           main] org.hibernate.SQL                        : select b1_0.id,b1_0.created_at,b1_0.hold_expires_at,b1_0.hold_token,b1_0.patient_id,b1_0.slot_id,b1_0.status,b1_0.updated_at from bookings b1_0
2026-07-26T04:27:35.035+05:30 DEBUG 957981 --- [clinzo] [           main] org.hibernate.SQL                        : delete from bookings where id=?
2026-07-26T04:27:35.039+05:30 DEBUG 957981 --- [clinzo] [           main] org.hibernate.SQL                        : select s1_0.id,s1_0.availability_window_id,s1_0.created_at,s1_0.doctor_id,s1_0.end_time_utc,s1_0.start_time_utc,s1_0.status,s1_0.updated_at,s1_0.version from slots s1_0
2026-07-26T04:27:35.043+05:30 DEBUG 957981 --- [clinzo] [           main] org.hibernate.SQL                        : delete from slots where id=? and version=?
2026-07-26T04:27:35.050+05:30 DEBUG 957981 --- [clinzo] [           main] org.hibernate.SQL                        : select aw1_0.id,aw1_0.active,aw1_0.appointment_type,aw1_0.buffer_minutes,aw1_0.created_at,aw1_0.day_of_week,aw1_0.doctor_id,aw1_0.end_time_utc,aw1_0.is_recurring,aw1_0.slot_duration_minutes,aw1_0.specific_date,aw1_0.start_time_utc,aw1_0.updated_at from availability_windows aw1_0
2026-07-26T04:27:35.054+05:30 DEBUG 957981 --- [clinzo] [           main] org.hibernate.SQL                        : delete from availability_windows where id=?
2026-07-26T04:27:35.060+05:30 DEBUG 957981 --- [clinzo] [           main] org.hibernate.SQL                        : select d1_0.id,d1_0.created_at,d1_0.name,d1_0.timezone,d1_0.updated_at from doctors d1_0
2026-07-26T04:27:35.063+05:30 DEBUG 957981 --- [clinzo] [           main] org.hibernate.SQL                        : delete from doctors where id=?
2026-07-26T04:27:35.068+05:30 DEBUG 957981 --- [clinzo] [           main] org.hibernate.SQL                        : insert into doctors (created_at,name,timezone,updated_at) values (?,?,?,?)
2026-07-26T04:27:35.073+05:30 DEBUG 957981 --- [clinzo] [           main] org.hibernate.SQL                        : insert into availability_windows (active,appointment_type,buffer_minutes,created_at,day_of_week,doctor_id,end_time_utc,is_recurring,slot_duration_minutes,specific_date,start_time_utc,updated_at) values (?,?,?,?,?,?,?,?,?,?,?,?)
2026-07-26T04:27:35.079+05:30 DEBUG 957981 --- [clinzo] [           main] org.hibernate.SQL                        : insert into slots (availability_window_id,created_at,doctor_id,end_time_utc,start_time_utc,status,updated_at,version) values (?,?,?,?,?,?,?,?)
2026-07-26T04:27:35.084+05:30 DEBUG 957981 --- [clinzo] [           main] org.hibernate.SQL                        : select s1_0.id,s1_0.availability_window_id,s1_0.created_at,s1_0.doctor_id,s1_0.end_time_utc,s1_0.start_time_utc,s1_0.status,s1_0.updated_at,s1_0.version from slots s1_0 where s1_0.id=?
2026-07-26T04:27:35.100+05:30 DEBUG 957981 --- [clinzo] [           main] org.hibernate.SQL                        : update slots s1_0 set status=?,version=(s1_0.version+1),updated_at=? where s1_0.id=? and s1_0.version=? and s1_0.status in (?)
2026-07-26T04:27:35.105+05:30 DEBUG 957981 --- [clinzo] [           main] org.hibernate.SQL                        : insert into bookings (created_at,hold_expires_at,hold_token,patient_id,slot_id,status,updated_at) values (?,?,?,?,?,?,?)
2026-07-26T04:27:35.108+05:30  INFO 957981 --- [clinzo] [           main] com.clinzo.service.HoldService           : Successfully held slot 4 for patient patient-101, token: c01b7de1-c3a7-4817-8d1b-46a4c0142e8d, expiresAt: 2026-07-25T22:59:35.103647508Z
2026-07-26T04:27:35.118+05:30 DEBUG 957981 --- [clinzo] [           main] org.hibernate.SQL                        : select s1_0.id,s1_0.availability_window_id,s1_0.created_at,s1_0.doctor_id,s1_0.end_time_utc,s1_0.start_time_utc,s1_0.status,s1_0.updated_at,s1_0.version from slots s1_0 where s1_0.id=?
2026-07-26T04:27:35.121+05:30  WARN 957981 --- [clinzo] [           main] com.clinzo.service.BookingService        : Booking confirmation rejected for slot 4: holdToken mismatch or expired
]]></system-out>
  </testcase>
  <testcase name="holdSlot_alreadyHeld_throwsConflict" classname="com.clinzo.service.HoldServiceTest" time="0.093">
    <system-out><![CDATA[2026-07-26T04:27:35.149+05:30 DEBUG 957981 --- [clinzo] [           main] org.hibernate.SQL                        : select b1_0.id,b1_0.created_at,b1_0.hold_expires_at,b1_0.hold_token,b1_0.patient_id,b1_0.slot_id,b1_0.status,b1_0.updated_at from bookings b1_0
2026-07-26T04:27:35.152+05:30 DEBUG 957981 --- [clinzo] [           main] org.hibernate.SQL                        : delete from bookings where id=?
2026-07-26T04:27:35.156+05:30 DEBUG 957981 --- [clinzo] [           main] org.hibernate.SQL                        : select s1_0.id,s1_0.availability_window_id,s1_0.created_at,s1_0.doctor_id,s1_0.end_time_utc,s1_0.start_time_utc,s1_0.status,s1_0.updated_at,s1_0.version from slots s1_0
2026-07-26T04:27:35.159+05:30 DEBUG 957981 --- [clinzo] [           main] org.hibernate.SQL                        : delete from slots where id=? and version=?
2026-07-26T04:27:35.166+05:30 DEBUG 957981 --- [clinzo] [           main] org.hibernate.SQL                        : select aw1_0.id,aw1_0.active,aw1_0.appointment_type,aw1_0.buffer_minutes,aw1_0.created_at,aw1_0.day_of_week,aw1_0.doctor_id,aw1_0.end_time_utc,aw1_0.is_recurring,aw1_0.slot_duration_minutes,aw1_0.specific_date,aw1_0.start_time_utc,aw1_0.updated_at from availability_windows aw1_0
2026-07-26T04:27:35.168+05:30 DEBUG 957981 --- [clinzo] [           main] org.hibernate.SQL                        : delete from availability_windows where id=?
2026-07-26T04:27:35.172+05:30 DEBUG 957981 --- [clinzo] [           main] org.hibernate.SQL                        : select d1_0.id,d1_0.created_at,d1_0.name,d1_0.timezone,d1_0.updated_at from doctors d1_0
2026-07-26T04:27:35.176+05:30 DEBUG 957981 --- [clinzo] [           main] org.hibernate.SQL                        : delete from doctors where id=?
2026-07-26T04:27:35.184+05:30 DEBUG 957981 --- [clinzo] [           main] org.hibernate.SQL                        : insert into doctors (created_at,name,timezone,updated_at) values (?,?,?,?)
2026-07-26T04:27:35.190+05:30 DEBUG 957981 --- [clinzo] [           main] org.hibernate.SQL                        : insert into availability_windows (active,appointment_type,buffer_minutes,created_at,day_of_week,doctor_id,end_time_utc,is_recurring,slot_duration_minutes,specific_date,start_time_utc,updated_at) values (?,?,?,?,?,?,?,?,?,?,?,?)
2026-07-26T04:27:35.196+05:30 DEBUG 957981 --- [clinzo] [           main] org.hibernate.SQL                        : insert into slots (availability_window_id,created_at,doctor_id,end_time_utc,start_time_utc,status,updated_at,version) values (?,?,?,?,?,?,?,?)
2026-07-26T04:27:35.201+05:30 DEBUG 957981 --- [clinzo] [           main] org.hibernate.SQL                        : select s1_0.id,s1_0.availability_window_id,s1_0.created_at,s1_0.doctor_id,s1_0.end_time_utc,s1_0.start_time_utc,s1_0.status,s1_0.updated_at,s1_0.version from slots s1_0 where s1_0.id=?
2026-07-26T04:27:35.208+05:30 DEBUG 957981 --- [clinzo] [           main] org.hibernate.SQL                        : update slots s1_0 set status=?,version=(s1_0.version+1),updated_at=? where s1_0.id=? and s1_0.version=? and s1_0.status in (?)
2026-07-26T04:27:35.211+05:30 DEBUG 957981 --- [clinzo] [           main] org.hibernate.SQL                        : insert into bookings (created_at,hold_expires_at,hold_token,patient_id,slot_id,status,updated_at) values (?,?,?,?,?,?,?)
2026-07-26T04:27:35.213+05:30  INFO 957981 --- [clinzo] [           main] com.clinzo.service.HoldService           : Successfully held slot 5 for patient patient-101, token: d17cd142-1cd8-457e-8d57-ba0f6f9aee65, expiresAt: 2026-07-25T22:59:35.210421671Z
2026-07-26T04:27:35.217+05:30 DEBUG 957981 --- [clinzo] [           main] org.hibernate.SQL                        : select s1_0.id,s1_0.availability_window_id,s1_0.created_at,s1_0.doctor_id,s1_0.end_time_utc,s1_0.start_time_utc,s1_0.status,s1_0.updated_at,s1_0.version from slots s1_0 where s1_0.id=?
]]></system-out>
  </testcase>
  <testcase name="confirmBooking_wrongHoldToken_rejected" classname="com.clinzo.service.HoldServiceTest" time="0.094">
    <system-out><![CDATA[2026-07-26T04:27:35.237+05:30 DEBUG 957981 --- [clinzo] [           main] org.hibernate.SQL                        : select b1_0.id,b1_0.created_at,b1_0.hold_expires_at,b1_0.hold_token,b1_0.patient_id,b1_0.slot_id,b1_0.status,b1_0.updated_at from bookings b1_0
2026-07-26T04:27:35.240+05:30 DEBUG 957981 --- [clinzo] [           main] org.hibernate.SQL                        : delete from bookings where id=?
2026-07-26T04:27:35.244+05:30 DEBUG 957981 --- [clinzo] [           main] org.hibernate.SQL                        : select s1_0.id,s1_0.availability_window_id,s1_0.created_at,s1_0.doctor_id,s1_0.end_time_utc,s1_0.start_time_utc,s1_0.status,s1_0.updated_at,s1_0.version from slots s1_0
2026-07-26T04:27:35.247+05:30 DEBUG 957981 --- [clinzo] [           main] org.hibernate.SQL                        : delete from slots where id=? and version=?
2026-07-26T04:27:35.251+05:30 DEBUG 957981 --- [clinzo] [           main] org.hibernate.SQL                        : select aw1_0.id,aw1_0.active,aw1_0.appointment_type,aw1_0.buffer_minutes,aw1_0.created_at,aw1_0.day_of_week,aw1_0.doctor_id,aw1_0.end_time_utc,aw1_0.is_recurring,aw1_0.slot_duration_minutes,aw1_0.specific_date,aw1_0.start_time_utc,aw1_0.updated_at from availability_windows aw1_0
2026-07-26T04:27:35.257+05:30 DEBUG 957981 --- [clinzo] [           main] org.hibernate.SQL                        : delete from availability_windows where id=?
2026-07-26T04:27:35.264+05:30 DEBUG 957981 --- [clinzo] [           main] org.hibernate.SQL                        : select d1_0.id,d1_0.created_at,d1_0.name,d1_0.timezone,d1_0.updated_at from doctors d1_0
2026-07-26T04:27:35.267+05:30 DEBUG 957981 --- [clinzo] [           main] org.hibernate.SQL                        : delete from doctors where id=?
2026-07-26T04:27:35.274+05:30 DEBUG 957981 --- [clinzo] [           main] org.hibernate.SQL                        : insert into doctors (created_at,name,timezone,updated_at) values (?,?,?,?)
2026-07-26T04:27:35.278+05:30 DEBUG 957981 --- [clinzo] [           main] org.hibernate.SQL                        : insert into availability_windows (active,appointment_type,buffer_minutes,created_at,day_of_week,doctor_id,end_time_utc,is_recurring,slot_duration_minutes,specific_date,start_time_utc,updated_at) values (?,?,?,?,?,?,?,?,?,?,?,?)
2026-07-26T04:27:35.283+05:30 DEBUG 957981 --- [clinzo] [           main] org.hibernate.SQL                        : insert into slots (availability_window_id,created_at,doctor_id,end_time_utc,start_time_utc,status,updated_at,version) values (?,?,?,?,?,?,?,?)
2026-07-26T04:27:35.292+05:30 DEBUG 957981 --- [clinzo] [           main] org.hibernate.SQL                        : select s1_0.id,s1_0.availability_window_id,s1_0.created_at,s1_0.doctor_id,s1_0.end_time_utc,s1_0.start_time_utc,s1_0.status,s1_0.updated_at,s1_0.version from slots s1_0 where s1_0.id=?
2026-07-26T04:27:35.301+05:30 DEBUG 957981 --- [clinzo] [           main] org.hibernate.SQL                        : update slots s1_0 set status=?,version=(s1_0.version+1),updated_at=? where s1_0.id=? and s1_0.version=? and s1_0.status in (?)
2026-07-26T04:27:35.304+05:30 DEBUG 957981 --- [clinzo] [           main] org.hibernate.SQL                        : insert into bookings (created_at,hold_expires_at,hold_token,patient_id,slot_id,status,updated_at) values (?,?,?,?,?,?,?)
2026-07-26T04:27:35.307+05:30  INFO 957981 --- [clinzo] [           main] com.clinzo.service.HoldService           : Successfully held slot 6 for patient patient-101, token: d0273fd1-8532-43a2-a0cd-880dbce25881, expiresAt: 2026-07-25T22:59:35.303204652Z
2026-07-26T04:27:35.311+05:30 DEBUG 957981 --- [clinzo] [           main] org.hibernate.SQL                        : select s1_0.id,s1_0.availability_window_id,s1_0.created_at,s1_0.doctor_id,s1_0.end_time_utc,s1_0.start_time_utc,s1_0.status,s1_0.updated_at,s1_0.version from slots s1_0 where s1_0.id=?
2026-07-26T04:27:35.314+05:30  WARN 957981 --- [clinzo] [           main] com.clinzo.service.BookingService        : Booking confirmation rejected for slot 6: holdToken mismatch or expired
2026-07-26T04:27:35.316+05:30 DEBUG 957981 --- [clinzo] [           main] org.hibernate.SQL                        : select s1_0.id,s1_0.availability_window_id,s1_0.created_at,s1_0.doctor_id,s1_0.end_time_utc,s1_0.start_time_utc,s1_0.status,s1_0.updated_at,s1_0.version from slots s1_0 where s1_0.id=?
]]></system-out>
  </testcase>
</testsuite>