<?xml version="1.0" encoding="UTF-8"?>
<testsuite xmlns:xsi="http://www.w3.org/2001/XMLSchema-instance" xsi:noNamespaceSchemaLocation="https://maven.apache.org/surefire/maven-surefire-plugin/xsd/surefire-test-report.xsd" version="3.0.2" name="com.clinzo.service.SlotGenerationServiceTest" time="0.493" tests="6" errors="0" skipped="0" failures="0">
  <properties>
[...]
</properties>
  <testcase name="remainderDiscarded" classname="com.clinzo.service.SlotGenerationServiceTest" time="0.138">
    <system-out><![CDATA[2026-07-26T04:27:35.337+05:30  INFO 957981 --- [clinzo] [           main] t.c.s.AnnotationConfigContextLoaderUtils : Could not detect default configuration classes for test class [com.clinzo.service.SlotGenerationServiceTest]: SlotGenerationServiceTest does not declare any static, non-private, non-final, nested classes annotated with @Configuration.
2026-07-26T04:27:35.352+05:30  INFO 957981 --- [clinzo] [           main] .b.t.c.SpringBootTestContextBootstrapper : Found @SpringBootConfiguration com.clinzo.ClinzoApplication for test class com.clinzo.service.SlotGenerationServiceTest
2026-07-26T04:27:35.370+05:30 DEBUG 957981 --- [clinzo] [           main] org.hibernate.SQL                        : select b1_0.id,b1_0.created_at,b1_0.hold_expires_at,b1_0.hold_token,b1_0.patient_id,b1_0.slot_id,b1_0.status,b1_0.updated_at from bookings b1_0
2026-07-26T04:27:35.378+05:30 DEBUG 957981 --- [clinzo] [           main] org.hibernate.SQL                        : delete from bookings where id=?
2026-07-26T04:27:35.387+05:30 DEBUG 957981 --- [clinzo] [           main] org.hibernate.SQL                        : select s1_0.id,s1_0.availability_window_id,s1_0.created_at,s1_0.doctor_id,s1_0.end_time_utc,s1_0.start_time_utc,s1_0.status,s1_0.updated_at,s1_0.version from slots s1_0
2026-07-26T04:27:35.395+05:30 DEBUG 957981 --- [clinzo] [           main] org.hibernate.SQL                        : delete from slots where id=? and version=?
2026-07-26T04:27:35.407+05:30 DEBUG 957981 --- [clinzo] [           main] org.hibernate.SQL                        : select aw1_0.id,aw1_0.active,aw1_0.appointment_type,aw1_0.buffer_minutes,aw1_0.created_at,aw1_0.day_of_week,aw1_0.doctor_id,aw1_0.end_time_utc,aw1_0.is_recurring,aw1_0.slot_duration_minutes,aw1_0.specific_date,aw1_0.start_time_utc,aw1_0.updated_at from availability_windows aw1_0
2026-07-26T04:27:35.412+05:30 DEBUG 957981 --- [clinzo] [           main] org.hibernate.SQL                        : delete from availability_windows where id=?
2026-07-26T04:27:35.416+05:30 DEBUG 957981 --- [clinzo] [           main] org.hibernate.SQL                        : select d1_0.id,d1_0.created_at,d1_0.name,d1_0.timezone,d1_0.updated_at from doctors d1_0
2026-07-26T04:27:35.418+05:30 DEBUG 957981 --- [clinzo] [           main] org.hibernate.SQL                        : delete from doctors where id=?
2026-07-26T04:27:35.422+05:30 DEBUG 957981 --- [clinzo] [           main] org.hibernate.SQL                        : insert into doctors (created_at,name,timezone,updated_at) values (?,?,?,?)
2026-07-26T04:27:35.430+05:30 DEBUG 957981 --- [clinzo] [           main] org.hibernate.SQL                        : insert into availability_windows (active,appointment_type,buffer_minutes,created_at,day_of_week,doctor_id,end_time_utc,is_recurring,slot_duration_minutes,specific_date,start_time_utc,updated_at) values (?,?,?,?,?,?,?,?,?,?,?,?)
2026-07-26T04:27:35.445+05:30 DEBUG 957981 --- [clinzo] [           main] org.hibernate.SQL                        : select s1_0.id,s1_0.availability_window_id,s1_0.created_at,s1_0.doctor_id,s1_0.end_time_utc,s1_0.start_time_utc,s1_0.status,s1_0.updated_at,s1_0.version from slots s1_0 where s1_0.doctor_id=? and s1_0.start_time_utc between ? and ?
2026-07-26T04:27:35.452+05:30 DEBUG 957981 --- [clinzo] [           main] org.hibernate.SQL                        : insert into slots (availability_window_id,created_at,doctor_id,end_time_utc,start_time_utc,status,updated_at,version) values (?,?,?,?,?,?,?,?)
2026-07-26T04:27:35.455+05:30 DEBUG 957981 --- [clinzo] [           main] org.hibernate.SQL                        : insert into slots (availability_window_id,created_at,doctor_id,end_time_utc,start_time_utc,status,updated_at,version) values (?,?,?,?,?,?,?,?)
2026-07-26T04:27:35.457+05:30 DEBUG 957981 --- [clinzo] [           main] org.hibernate.SQL                        : insert into slots (availability_window_id,created_at,doctor_id,end_time_utc,start_time_utc,status,updated_at,version) values (?,?,?,?,?,?,?,?)
2026-07-26T04:27:35.464+05:30 DEBUG 957981 --- [clinzo] [           main] org.hibernate.SQL                        : insert into slots (availability_window_id,created_at,doctor_id,end_time_utc,start_time_utc,status,updated_at,version) values (?,?,?,?,?,?,?,?)
2026-07-26T04:27:35.470+05:30  INFO 957981 --- [clinzo] [           main] c.clinzo.service.SlotGenerationService   : Generated 4 slots for window 7 (doctor 7), 0 already existed
]]></system-out>
  </testcase>
  <testcase name="idempotentGeneration" classname="com.clinzo.service.SlotGenerationServiceTest" time="0.092">
    <system-out><![CDATA[2026-07-26T04:27:35.515+05:30 DEBUG 957981 --- [clinzo] [           main] org.hibernate.SQL                        : select b1_0.id,b1_0.created_at,b1_0.hold_expires_at,b1_0.hold_token,b1_0.patient_id,b1_0.slot_id,b1_0.status,b1_0.updated_at from bookings b1_0
2026-07-26T04:27:35.523+05:30 DEBUG 957981 --- [clinzo] [           main] org.hibernate.SQL                        : select s1_0.id,s1_0.availability_window_id,s1_0.created_at,s1_0.doctor_id,s1_0.end_time_utc,s1_0.start_time_utc,s1_0.status,s1_0.updated_at,s1_0.version from slots s1_0
2026-07-26T04:27:35.530+05:30 DEBUG 957981 --- [clinzo] [           main] org.hibernate.SQL                        : delete from slots where id=? and version=?
2026-07-26T04:27:35.531+05:30 DEBUG 957981 --- [clinzo] [           main] org.hibernate.SQL                        : delete from slots where id=? and version=?
2026-07-26T04:27:35.533+05:30 DEBUG 957981 --- [clinzo] [           main] org.hibernate.SQL                        : delete from slots where id=? and version=?
2026-07-26T04:27:35.535+05:30 DEBUG 957981 --- [clinzo] [           main] org.hibernate.SQL                        : delete from slots where id=? and version=?
2026-07-26T04:27:35.538+05:30 DEBUG 957981 --- [clinzo] [           main] org.hibernate.SQL                        : select aw1_0.id,aw1_0.active,aw1_0.appointment_type,aw1_0.buffer_minutes,aw1_0.created_at,aw1_0.day_of_week,aw1_0.doctor_id,aw1_0.end_time_utc,aw1_0.is_recurring,aw1_0.slot_duration_minutes,aw1_0.specific_date,aw1_0.start_time_utc,aw1_0.updated_at from availability_windows aw1_0
2026-07-26T04:27:35.540+05:30 DEBUG 957981 --- [clinzo] [           main] org.hibernate.SQL                        : delete from availability_windows where id=?
2026-07-26T04:27:35.543+05:30 DEBUG 957981 --- [clinzo] [           main] org.hibernate.SQL                        : select d1_0.id,d1_0.created_at,d1_0.name,d1_0.timezone,d1_0.updated_at from doctors d1_0
2026-07-26T04:27:35.545+05:30 DEBUG 957981 --- [clinzo] [           main] org.hibernate.SQL                        : delete from doctors where id=?
2026-07-26T04:27:35.549+05:30 DEBUG 957981 --- [clinzo] [           main] org.hibernate.SQL                        : insert into doctors (created_at,name,timezone,updated_at) values (?,?,?,?)
2026-07-26T04:27:35.557+05:30 DEBUG 957981 --- [clinzo] [           main] org.hibernate.SQL                        : insert into availability_windows (active,appointment_type,buffer_minutes,created_at,day_of_week,doctor_id,end_time_utc,is_recurring,slot_duration_minutes,specific_date,start_time_utc,updated_at) values (?,?,?,?,?,?,?,?,?,?,?,?)
2026-07-26T04:27:35.564+05:30 DEBUG 957981 --- [clinzo] [           main] org.hibernate.SQL                        : select s1_0.id,s1_0.availability_window_id,s1_0.created_at,s1_0.doctor_id,s1_0.end_time_utc,s1_0.start_time_utc,s1_0.status,s1_0.updated_at,s1_0.version from slots s1_0 where s1_0.doctor_id=? and s1_0.start_time_utc between ? and ?
2026-07-26T04:27:35.567+05:30 DEBUG 957981 --- [clinzo] [           main] org.hibernate.SQL                        : insert into slots (availability_window_id,created_at,doctor_id,end_time_utc,start_time_utc,status,updated_at,version) values (?,?,?,?,?,?,?,?)
2026-07-26T04:27:35.570+05:30 DEBUG 957981 --- [clinzo] [           main] org.hibernate.SQL                        : insert into slots (availability_window_id,created_at,doctor_id,end_time_utc,start_time_utc,status,updated_at,version) values (?,?,?,?,?,?,?,?)
2026-07-26T04:27:35.573+05:30 DEBUG 957981 --- [clinzo] [           main] org.hibernate.SQL                        : insert into slots (availability_window_id,created_at,doctor_id,end_time_utc,start_time_utc,status,updated_at,version) values (?,?,?,?,?,?,?,?)
2026-07-26T04:27:35.576+05:30 DEBUG 957981 --- [clinzo] [           main] org.hibernate.SQL                        : insert into slots (availability_window_id,created_at,doctor_id,end_time_utc,start_time_utc,status,updated_at,version) values (?,?,?,?,?,?,?,?)
2026-07-26T04:27:35.578+05:30  INFO 957981 --- [clinzo] [           main] c.clinzo.service.SlotGenerationService   : Generated 4 slots for window 8 (doctor 8), 0 already existed
2026-07-26T04:27:35.581+05:30 DEBUG 957981 --- [clinzo] [           main] org.hibernate.SQL                        : select s1_0.id,s1_0.availability_window_id,s1_0.created_at,s1_0.doctor_id,s1_0.end_time_utc,s1_0.start_time_utc,s1_0.status,s1_0.updated_at,s1_0.version from slots s1_0 where s1_0.doctor_id=? and s1_0.start_time_utc between ? and ?
2026-07-26T04:27:35.585+05:30  INFO 957981 --- [clinzo] [           main] c.clinzo.service.SlotGenerationService   : Generated 0 slots for window 8 (doctor 8), 4 already existed
2026-07-26T04:27:35.588+05:30 DEBUG 957981 --- [clinzo] [           main] org.hibernate.SQL                        : select count(*) from slots s1_0
]]></system-out>
  </testcase>
  <testcase name="windowTooShort" classname="com.clinzo.service.SlotGenerationServiceTest" time="0.054">
    <system-out><![CDATA[2026-07-26T04:27:35.607+05:30 DEBUG 957981 --- [clinzo] [           main] org.hibernate.SQL                        : select b1_0.id,b1_0.created_at,b1_0.hold_expires_at,b1_0.hold_token,b1_0.patient_id,b1_0.slot_id,b1_0.status,b1_0.updated_at from bookings b1_0
2026-07-26T04:27:35.610+05:30 DEBUG 957981 --- [clinzo] [           main] org.hibernate.SQL                        : select s1_0.id,s1_0.availability_window_id,s1_0.created_at,s1_0.doctor_id,s1_0.end_time_utc,s1_0.start_time_utc,s1_0.status,s1_0.updated_at,s1_0.version from slots s1_0
2026-07-26T04:27:35.613+05:30 DEBUG 957981 --- [clinzo] [           main] org.hibernate.SQL                        : delete from slots where id=? and version=?
2026-07-26T04:27:35.614+05:30 DEBUG 957981 --- [clinzo] [           main] org.hibernate.SQL                        : delete from slots where id=? and version=?
2026-07-26T04:27:35.616+05:30 DEBUG 957981 --- [clinzo] [           main] org.hibernate.SQL                        : delete from slots where id=? and version=?
2026-07-26T04:27:35.617+05:30 DEBUG 957981 --- [clinzo] [           main] org.hibernate.SQL                        : delete from slots where id=? and version=?
2026-07-26T04:27:35.621+05:30 DEBUG 957981 --- [clinzo] [           main] org.hibernate.SQL                        : select aw1_0.id,aw1_0.active,aw1_0.appointment_type,aw1_0.buffer_minutes,aw1_0.created_at,aw1_0.day_of_week,aw1_0.doctor_id,aw1_0.end_time_utc,aw1_0.is_recurring,aw1_0.slot_duration_minutes,aw1_0.specific_date,aw1_0.start_time_utc,aw1_0.updated_at from availability_windows aw1_0
2026-07-26T04:27:35.624+05:30 DEBUG 957981 --- [clinzo] [           main] org.hibernate.SQL                        : delete from availability_windows where id=?
2026-07-26T04:27:35.628+05:30 DEBUG 957981 --- [clinzo] [           main] org.hibernate.SQL                        : select d1_0.id,d1_0.created_at,d1_0.name,d1_0.timezone,d1_0.updated_at from doctors d1_0
2026-07-26T04:27:35.631+05:30 DEBUG 957981 --- [clinzo] [           main] org.hibernate.SQL                        : delete from doctors where id=?
2026-07-26T04:27:35.634+05:30 DEBUG 957981 --- [clinzo] [           main] org.hibernate.SQL                        : insert into doctors (created_at,name,timezone,updated_at) values (?,?,?,?)
2026-07-26T04:27:35.639+05:30 DEBUG 957981 --- [clinzo] [           main] org.hibernate.SQL                        : insert into availability_windows (active,appointment_type,buffer_minutes,created_at,day_of_week,doctor_id,end_time_utc,is_recurring,slot_duration_minutes,specific_date,start_time_utc,updated_at) values (?,?,?,?,?,?,?,?,?,?,?,?)
2026-07-26T04:27:35.645+05:30 DEBUG 957981 --- [clinzo] [           main] org.hibernate.SQL                        : select s1_0.id,s1_0.availability_window_id,s1_0.created_at,s1_0.doctor_id,s1_0.end_time_utc,s1_0.start_time_utc,s1_0.status,s1_0.updated_at,s1_0.version from slots s1_0 where s1_0.doctor_id=? and s1_0.start_time_utc between ? and ?
2026-07-26T04:27:35.648+05:30  INFO 957981 --- [clinzo] [           main] c.clinzo.service.SlotGenerationService   : Generated 0 slots for window 9 (doctor 9), 0 already existed
]]></system-out>
  </testcase>
  <testcase name="bufferReducesSlotCount" classname="com.clinzo.service.SlotGenerationServiceTest" time="0.059">
    <system-out><![CDATA[2026-07-26T04:27:35.666+05:30 DEBUG 957981 --- [clinzo] [           main] org.hibernate.SQL                        : select b1_0.id,b1_0.created_at,b1_0.hold_expires_at,b1_0.hold_token,b1_0.patient_id,b1_0.slot_id,b1_0.status,b1_0.updated_at from bookings b1_0
2026-07-26T04:27:35.669+05:30 DEBUG 957981 --- [clinzo] [           main] org.hibernate.SQL                        : select s1_0.id,s1_0.availability_window_id,s1_0.created_at,s1_0.doctor_id,s1_0.end_time_utc,s1_0.start_time_utc,s1_0.status,s1_0.updated_at,s1_0.version from slots s1_0
2026-07-26T04:27:35.673+05:30 DEBUG 957981 --- [clinzo] [           main] org.hibernate.SQL                        : select aw1_0.id,aw1_0.active,aw1_0.appointment_type,aw1_0.buffer_minutes,aw1_0.created_at,aw1_0.day_of_week,aw1_0.doctor_id,aw1_0.end_time_utc,aw1_0.is_recurring,aw1_0.slot_duration_minutes,aw1_0.specific_date,aw1_0.start_time_utc,aw1_0.updated_at from availability_windows aw1_0
2026-07-26T04:27:35.677+05:30 DEBUG 957981 --- [clinzo] [           main] org.hibernate.SQL                        : delete from availability_windows where id=?
2026-07-26T04:27:35.681+05:30 DEBUG 957981 --- [clinzo] [           main] org.hibernate.SQL                        : select d1_0.id,d1_0.created_at,d1_0.name,d1_0.timezone,d1_0.updated_at from doctors d1_0
2026-07-26T04:27:35.684+05:30 DEBUG 957981 --- [clinzo] [           main] org.hibernate.SQL                        : delete from doctors where id=?
2026-07-26T04:27:35.687+05:30 DEBUG 957981 --- [clinzo] [           main] org.hibernate.SQL                        : insert into doctors (created_at,name,timezone,updated_at) values (?,?,?,?)
2026-07-26T04:27:35.691+05:30 DEBUG 957981 --- [clinzo] [           main] org.hibernate.SQL                        : insert into availability_windows (active,appointment_type,buffer_minutes,created_at,day_of_week,doctor_id,end_time_utc,is_recurring,slot_duration_minutes,specific_date,start_time_utc,updated_at) values (?,?,?,?,?,?,?,?,?,?,?,?)
2026-07-26T04:27:35.699+05:30 DEBUG 957981 --- [clinzo] [           main] org.hibernate.SQL                        : select s1_0.id,s1_0.availability_window_id,s1_0.created_at,s1_0.doctor_id,s1_0.end_time_utc,s1_0.start_time_utc,s1_0.status,s1_0.updated_at,s1_0.version from slots s1_0 where s1_0.doctor_id=? and s1_0.start_time_utc between ? and ?
2026-07-26T04:27:35.702+05:30 DEBUG 957981 --- [clinzo] [           main] org.hibernate.SQL                        : insert into slots (availability_window_id,created_at,doctor_id,end_time_utc,start_time_utc,status,updated_at,version) values (?,?,?,?,?,?,?,?)
2026-07-26T04:27:35.705+05:30 DEBUG 957981 --- [clinzo] [           main] org.hibernate.SQL                        : insert into slots (availability_window_id,created_at,doctor_id,end_time_utc,start_time_utc,status,updated_at,version) values (?,?,?,?,?,?,?,?)
2026-07-26T04:27:35.707+05:30 DEBUG 957981 --- [clinzo] [           main] org.hibernate.SQL                        : insert into slots (availability_window_id,created_at,doctor_id,end_time_utc,start_time_utc,status,updated_at,version) values (?,?,?,?,?,?,?,?)
2026-07-26T04:27:35.709+05:30  INFO 957981 --- [clinzo] [           main] c.clinzo.service.SlotGenerationService   : Generated 3 slots for window 10 (doctor 10), 0 already existed
]]></system-out>
  </testcase>
  <testcase name="exactDivision_noBuffer" classname="com.clinzo.service.SlotGenerationServiceTest" time="0.056">
    <system-out><![CDATA[2026-07-26T04:27:35.723+05:30 DEBUG 957981 --- [clinzo] [           main] org.hibernate.SQL                        : select b1_0.id,b1_0.created_at,b1_0.hold_expires_at,b1_0.hold_token,b1_0.patient_id,b1_0.slot_id,b1_0.status,b1_0.updated_at from bookings b1_0
2026-07-26T04:27:35.726+05:30 DEBUG 957981 --- [clinzo] [           main] org.hibernate.SQL                        : select s1_0.id,s1_0.availability_window_id,s1_0.created_at,s1_0.doctor_id,s1_0.end_time_utc,s1_0.start_time_utc,s1_0.status,s1_0.updated_at,s1_0.version from slots s1_0
2026-07-26T04:27:35.728+05:30 DEBUG 957981 --- [clinzo] [           main] org.hibernate.SQL                        : delete from slots where id=? and version=?
2026-07-26T04:27:35.729+05:30 DEBUG 957981 --- [clinzo] [           main] org.hibernate.SQL                        : delete from slots where id=? and version=?
2026-07-26T04:27:35.731+05:30 DEBUG 957981 --- [clinzo] [           main] org.hibernate.SQL                        : delete from slots where id=? and version=?
2026-07-26T04:27:35.734+05:30 DEBUG 957981 --- [clinzo] [           main] org.hibernate.SQL                        : select aw1_0.id,aw1_0.active,aw1_0.appointment_type,aw1_0.buffer_minutes,aw1_0.created_at,aw1_0.day_of_week,aw1_0.doctor_id,aw1_0.end_time_utc,aw1_0.is_recurring,aw1_0.slot_duration_minutes,aw1_0.specific_date,aw1_0.start_time_utc,aw1_0.updated_at from availability_windows aw1_0
2026-07-26T04:27:35.736+05:30 DEBUG 957981 --- [clinzo] [           main] org.hibernate.SQL                        : delete from availability_windows where id=?
2026-07-26T04:27:35.740+05:30 DEBUG 957981 --- [clinzo] [           main] org.hibernate.SQL                        : select d1_0.id,d1_0.created_at,d1_0.name,d1_0.timezone,d1_0.updated_at from doctors d1_0
2026-07-26T04:27:35.743+05:30 DEBUG 957981 --- [clinzo] [           main] org.hibernate.SQL                        : delete from doctors where id=?
2026-07-26T04:27:35.745+05:30 DEBUG 957981 --- [clinzo] [           main] org.hibernate.SQL                        : insert into doctors (created_at,name,timezone,updated_at) values (?,?,?,?)
2026-07-26T04:27:35.750+05:30 DEBUG 957981 --- [clinzo] [           main] org.hibernate.SQL                        : insert into availability_windows (active,appointment_type,buffer_minutes,created_at,day_of_week,doctor_id,end_time_utc,is_recurring,slot_duration_minutes,specific_date,start_time_utc,updated_at) values (?,?,?,?,?,?,?,?,?,?,?,?)
2026-07-26T04:27:35.755+05:30 DEBUG 957981 --- [clinzo] [           main] org.hibernate.SQL                        : select s1_0.id,s1_0.availability_window_id,s1_0.created_at,s1_0.doctor_id,s1_0.end_time_utc,s1_0.start_time_utc,s1_0.status,s1_0.updated_at,s1_0.version from slots s1_0 where s1_0.doctor_id=? and s1_0.start_time_utc between ? and ?
2026-07-26T04:27:35.757+05:30 DEBUG 957981 --- [clinzo] [           main] org.hibernate.SQL                        : insert into slots (availability_window_id,created_at,doctor_id,end_time_utc,start_time_utc,status,updated_at,version) values (?,?,?,?,?,?,?,?)
2026-07-26T04:27:35.760+05:30 DEBUG 957981 --- [clinzo] [           main] org.hibernate.SQL                        : insert into slots (availability_window_id,created_at,doctor_id,end_time_utc,start_time_utc,status,updated_at,version) values (?,?,?,?,?,?,?,?)
2026-07-26T04:27:35.763+05:30 DEBUG 957981 --- [clinzo] [           main] org.hibernate.SQL                        : insert into slots (availability_window_id,created_at,doctor_id,end_time_utc,start_time_utc,status,updated_at,version) values (?,?,?,?,?,?,?,?)
2026-07-26T04:27:35.765+05:30 DEBUG 957981 --- [clinzo] [           main] org.hibernate.SQL                        : insert into slots (availability_window_id,created_at,doctor_id,end_time_utc,start_time_utc,status,updated_at,version) values (?,?,?,?,?,?,?,?)
2026-07-26T04:27:35.767+05:30  INFO 957981 --- [clinzo] [           main] c.clinzo.service.SlotGenerationService   : Generated 4 slots for window 11 (doctor 11), 0 already existed
]]></system-out>
  </testcase>
  <testcase name="inactiveWindow_noSlots" classname="com.clinzo.service.SlotGenerationServiceTest" time="0.049">
    <system-out><![CDATA[2026-07-26T04:27:35.786+05:30 DEBUG 957981 --- [clinzo] [           main] org.hibernate.SQL                        : select b1_0.id,b1_0.created_at,b1_0.hold_expires_at,b1_0.hold_token,b1_0.patient_id,b1_0.slot_id,b1_0.status,b1_0.updated_at from bookings b1_0
2026-07-26T04:27:35.792+05:30 DEBUG 957981 --- [clinzo] [           main] org.hibernate.SQL                        : select s1_0.id,s1_0.availability_window_id,s1_0.created_at,s1_0.doctor_id,s1_0.end_time_utc,s1_0.start_time_utc,s1_0.status,s1_0.updated_at,s1_0.version from slots s1_0
2026-07-26T04:27:35.798+05:30 DEBUG 957981 --- [clinzo] [           main] org.hibernate.SQL                        : delete from slots where id=? and version=?
2026-07-26T04:27:35.799+05:30 DEBUG 957981 --- [clinzo] [           main] org.hibernate.SQL                        : delete from slots where id=? and version=?
2026-07-26T04:27:35.800+05:30 DEBUG 957981 --- [clinzo] [           main] org.hibernate.SQL                        : delete from slots where id=? and version=?
2026-07-26T04:27:35.801+05:30 DEBUG 957981 --- [clinzo] [           main] org.hibernate.SQL                        : delete from slots where id=? and version=?
2026-07-26T04:27:35.804+05:30 DEBUG 957981 --- [clinzo] [           main] org.hibernate.SQL                        : select aw1_0.id,aw1_0.active,aw1_0.appointment_type,aw1_0.buffer_minutes,aw1_0.created_at,aw1_0.day_of_week,aw1_0.doctor_id,aw1_0.end_time_utc,aw1_0.is_recurring,aw1_0.slot_duration_minutes,aw1_0.specific_date,aw1_0.start_time_utc,aw1_0.updated_at from availability_windows aw1_0
2026-07-26T04:27:35.806+05:30 DEBUG 957981 --- [clinzo] [           main] org.hibernate.SQL                        : delete from availability_windows where id=?
2026-07-26T04:27:35.809+05:30 DEBUG 957981 --- [clinzo] [           main] org.hibernate.SQL                        : select d1_0.id,d1_0.created_at,d1_0.name,d1_0.timezone,d1_0.updated_at from doctors d1_0
2026-07-26T04:27:35.811+05:30 DEBUG 957981 --- [clinzo] [           main] org.hibernate.SQL                        : delete from doctors where id=?
2026-07-26T04:27:35.813+05:30 DEBUG 957981 --- [clinzo] [           main] org.hibernate.SQL                        : insert into doctors (created_at,name,timezone,updated_at) values (?,?,?,?)
2026-07-26T04:27:35.816+05:30 DEBUG 957981 --- [clinzo] [           main] org.hibernate.SQL                        : insert into availability_windows (active,appointment_type,buffer_minutes,created_at,day_of_week,doctor_id,end_time_utc,is_recurring,slot_duration_minutes,specific_date,start_time_utc,updated_at) values (?,?,?,?,?,?,?,?,?,?,?,?)
2026-07-26T04:27:35.820+05:30  WARN 957981 --- [clinzo] [           main] c.clinzo.service.SlotGenerationService   : Skipping slot generation for inactive window 12
]]></system-out>
  </testcase>
</testsuite>