<?xml version="1.0" encoding="UTF-8"?>
<testsuite xmlns:xsi="http://www.w3.org/2001/XMLSchema-instance" xsi:noNamespaceSchemaLocation="https://maven.apache.org/surefire/maven-surefire-plugin/xsd/surefire-test-report.xsd" version="3.0.2" name="com.clinzo.service.SlotGenerationServiceTest" time="0.585" tests="6" errors="0" skipped="0" failures="0">
  <properties>
[...]
</properties>
  <testcase name="remainderDiscarded" classname="com.clinzo.service.SlotGenerationServiceTest" time="0.081">
    <system-out><![CDATA[2026-07-27T15:24:14.323+05:30  INFO 100295 --- [clinzo] [           main] t.c.s.AnnotationConfigContextLoaderUtils : Could not detect default configuration classes for test class [com.clinzo.service.SlotGenerationServiceTest]: SlotGenerationServiceTest does not declare any static, non-private, non-final, nested classes annotated with @Configuration.
2026-07-27T15:24:14.351+05:30  INFO 100295 --- [clinzo] [           main] .b.t.c.SpringBootTestContextBootstrapper : Found @SpringBootConfiguration com.clinzo.ClinzoApplication for test class com.clinzo.service.SlotGenerationServiceTest
2026-07-27T15:24:14.379+05:30 DEBUG 100295 --- [clinzo] [           main] org.hibernate.SQL                        : select b1_0.id,b1_0.created_at,b1_0.hold_expires_at,b1_0.hold_token,b1_0.patient_id,b1_0.slot_id,b1_0.status,b1_0.updated_at from bookings b1_0
2026-07-27T15:24:14.381+05:30 DEBUG 100295 --- [clinzo] [           main] org.hibernate.SQL                        : delete from bookings where id=?
2026-07-27T15:24:14.386+05:30 DEBUG 100295 --- [clinzo] [           main] org.hibernate.SQL                        : select s1_0.id,s1_0.availability_window_id,s1_0.created_at,s1_0.doctor_id,s1_0.end_time_utc,s1_0.start_time_utc,s1_0.status,s1_0.updated_at,s1_0.version from slots s1_0
2026-07-27T15:24:14.389+05:30 DEBUG 100295 --- [clinzo] [           main] org.hibernate.SQL                        : delete from slots where id=? and version=?
2026-07-27T15:24:14.392+05:30 DEBUG 100295 --- [clinzo] [           main] org.hibernate.SQL                        : select aw1_0.id,aw1_0.active,aw1_0.appointment_type,aw1_0.buffer_minutes,aw1_0.created_at,aw1_0.day_of_week,aw1_0.doctor_id,aw1_0.end_time_utc,aw1_0.is_recurring,aw1_0.slot_duration_minutes,aw1_0.specific_date,aw1_0.start_time_utc,aw1_0.updated_at from availability_windows aw1_0
2026-07-27T15:24:14.394+05:30 DEBUG 100295 --- [clinzo] [           main] org.hibernate.SQL                        : delete from availability_windows where id=?
2026-07-27T15:24:14.397+05:30 DEBUG 100295 --- [clinzo] [           main] org.hibernate.SQL                        : select d1_0.id,d1_0.created_at,d1_0.name,d1_0.timezone,d1_0.updated_at from doctors d1_0
2026-07-27T15:24:14.400+05:30 DEBUG 100295 --- [clinzo] [           main] org.hibernate.SQL                        : delete from doctors where id=?
2026-07-27T15:24:14.408+05:30 DEBUG 100295 --- [clinzo] [           main] org.hibernate.SQL                        : insert into doctors (created_at,name,timezone,updated_at) values (?,?,?,?)
2026-07-27T15:24:14.416+05:30 DEBUG 100295 --- [clinzo] [           main] org.hibernate.SQL                        : insert into availability_windows (active,appointment_type,buffer_minutes,created_at,day_of_week,doctor_id,end_time_utc,is_recurring,slot_duration_minutes,specific_date,start_time_utc,updated_at) values (?,?,?,?,?,?,?,?,?,?,?,?)
2026-07-27T15:24:14.424+05:30 DEBUG 100295 --- [clinzo] [           main] org.hibernate.SQL                        : select s1_0.id,s1_0.availability_window_id,s1_0.created_at,s1_0.doctor_id,s1_0.end_time_utc,s1_0.start_time_utc,s1_0.status,s1_0.updated_at,s1_0.version from slots s1_0 where s1_0.doctor_id=? and s1_0.start_time_utc between ? and ?
2026-07-27T15:24:14.427+05:30 DEBUG 100295 --- [clinzo] [           main] org.hibernate.SQL                        : insert into slots (availability_window_id,created_at,doctor_id,end_time_utc,start_time_utc,status,updated_at,version) values (?,?,?,?,?,?,?,?)
2026-07-27T15:24:14.431+05:30 DEBUG 100295 --- [clinzo] [           main] org.hibernate.SQL                        : insert into slots (availability_window_id,created_at,doctor_id,end_time_utc,start_time_utc,status,updated_at,version) values (?,?,?,?,?,?,?,?)
2026-07-27T15:24:14.437+05:30 DEBUG 100295 --- [clinzo] [           main] org.hibernate.SQL                        : insert into slots (availability_window_id,created_at,doctor_id,end_time_utc,start_time_utc,status,updated_at,version) values (?,?,?,?,?,?,?,?)
2026-07-27T15:24:14.441+05:30 DEBUG 100295 --- [clinzo] [           main] org.hibernate.SQL                        : insert into slots (availability_window_id,created_at,doctor_id,end_time_utc,start_time_utc,status,updated_at,version) values (?,?,?,?,?,?,?,?)
2026-07-27T15:24:14.444+05:30  INFO 100295 --- [clinzo] [           main] c.clinzo.service.SlotGenerationService   : Generated 4 slots for window 44 (doctor 39), 0 already existed
]]></system-out>
  </testcase>
  <testcase name="idempotentGeneration" classname="com.clinzo.service.SlotGenerationServiceTest" time="0.119">
    <system-out><![CDATA[2026-07-27T15:24:14.463+05:30 DEBUG 100295 --- [clinzo] [           main] org.hibernate.SQL                        : select b1_0.id,b1_0.created_at,b1_0.hold_expires_at,b1_0.hold_token,b1_0.patient_id,b1_0.slot_id,b1_0.status,b1_0.updated_at from bookings b1_0
2026-07-27T15:24:14.467+05:30 DEBUG 100295 --- [clinzo] [           main] org.hibernate.SQL                        : select s1_0.id,s1_0.availability_window_id,s1_0.created_at,s1_0.doctor_id,s1_0.end_time_utc,s1_0.start_time_utc,s1_0.status,s1_0.updated_at,s1_0.version from slots s1_0
2026-07-27T15:24:14.468+05:30 DEBUG 100295 --- [clinzo] [           main] org.hibernate.SQL                        : delete from slots where id=? and version=?
2026-07-27T15:24:14.474+05:30 DEBUG 100295 --- [clinzo] [           main] org.hibernate.SQL                        : delete from slots where id=? and version=?
2026-07-27T15:24:14.475+05:30 DEBUG 100295 --- [clinzo] [           main] org.hibernate.SQL                        : delete from slots where id=? and version=?
2026-07-27T15:24:14.475+05:30 DEBUG 100295 --- [clinzo] [           main] org.hibernate.SQL                        : delete from slots where id=? and version=?
2026-07-27T15:24:14.482+05:30 DEBUG 100295 --- [clinzo] [           main] org.hibernate.SQL                        : select aw1_0.id,aw1_0.active,aw1_0.appointment_type,aw1_0.buffer_minutes,aw1_0.created_at,aw1_0.day_of_week,aw1_0.doctor_id,aw1_0.end_time_utc,aw1_0.is_recurring,aw1_0.slot_duration_minutes,aw1_0.specific_date,aw1_0.start_time_utc,aw1_0.updated_at from availability_windows aw1_0
2026-07-27T15:24:14.485+05:30 DEBUG 100295 --- [clinzo] [           main] org.hibernate.SQL                        : delete from availability_windows where id=?
2026-07-27T15:24:14.491+05:30 DEBUG 100295 --- [clinzo] [           main] org.hibernate.SQL                        : select d1_0.id,d1_0.created_at,d1_0.name,d1_0.timezone,d1_0.updated_at from doctors d1_0
2026-07-27T15:24:14.495+05:30 DEBUG 100295 --- [clinzo] [           main] org.hibernate.SQL                        : delete from doctors where id=?
2026-07-27T15:24:14.499+05:30 DEBUG 100295 --- [clinzo] [           main] org.hibernate.SQL                        : insert into doctors (created_at,name,timezone,updated_at) values (?,?,?,?)
2026-07-27T15:24:14.526+05:30 DEBUG 100295 --- [clinzo] [           main] org.hibernate.SQL                        : insert into availability_windows (active,appointment_type,buffer_minutes,created_at,day_of_week,doctor_id,end_time_utc,is_recurring,slot_duration_minutes,specific_date,start_time_utc,updated_at) values (?,?,?,?,?,?,?,?,?,?,?,?)
2026-07-27T15:24:14.536+05:30 DEBUG 100295 --- [clinzo] [           main] org.hibernate.SQL                        : select s1_0.id,s1_0.availability_window_id,s1_0.created_at,s1_0.doctor_id,s1_0.end_time_utc,s1_0.start_time_utc,s1_0.status,s1_0.updated_at,s1_0.version from slots s1_0 where s1_0.doctor_id=? and s1_0.start_time_utc between ? and ?
2026-07-27T15:24:14.539+05:30 DEBUG 100295 --- [clinzo] [           main] org.hibernate.SQL                        : insert into slots (availability_window_id,created_at,doctor_id,end_time_utc,start_time_utc,status,updated_at,version) values (?,?,?,?,?,?,?,?)
2026-07-27T15:24:14.542+05:30 DEBUG 100295 --- [clinzo] [           main] org.hibernate.SQL                        : insert into slots (availability_window_id,created_at,doctor_id,end_time_utc,start_time_utc,status,updated_at,version) values (?,?,?,?,?,?,?,?)
2026-07-27T15:24:14.544+05:30 DEBUG 100295 --- [clinzo] [           main] org.hibernate.SQL                        : insert into slots (availability_window_id,created_at,doctor_id,end_time_utc,start_time_utc,status,updated_at,version) values (?,?,?,?,?,?,?,?)
2026-07-27T15:24:14.547+05:30 DEBUG 100295 --- [clinzo] [           main] org.hibernate.SQL                        : insert into slots (availability_window_id,created_at,doctor_id,end_time_utc,start_time_utc,status,updated_at,version) values (?,?,?,?,?,?,?,?)
2026-07-27T15:24:14.549+05:30  INFO 100295 --- [clinzo] [           main] c.clinzo.service.SlotGenerationService   : Generated 4 slots for window 45 (doctor 40), 0 already existed
2026-07-27T15:24:14.554+05:30 DEBUG 100295 --- [clinzo] [           main] org.hibernate.SQL                        : select s1_0.id,s1_0.availability_window_id,s1_0.created_at,s1_0.doctor_id,s1_0.end_time_utc,s1_0.start_time_utc,s1_0.status,s1_0.updated_at,s1_0.version from slots s1_0 where s1_0.doctor_id=? and s1_0.start_time_utc between ? and ?
2026-07-27T15:24:14.556+05:30  INFO 100295 --- [clinzo] [           main] c.clinzo.service.SlotGenerationService   : Generated 0 slots for window 45 (doctor 40), 4 already existed
2026-07-27T15:24:14.561+05:30 DEBUG 100295 --- [clinzo] [           main] org.hibernate.SQL                        : select count(*) from slots s1_0
]]></system-out>
  </testcase>
  <testcase name="windowTooShort" classname="com.clinzo.service.SlotGenerationServiceTest" time="0.078">
    <system-out><![CDATA[2026-07-27T15:24:14.581+05:30 DEBUG 100295 --- [clinzo] [           main] org.hibernate.SQL                        : select b1_0.id,b1_0.created_at,b1_0.hold_expires_at,b1_0.hold_token,b1_0.patient_id,b1_0.slot_id,b1_0.status,b1_0.updated_at from bookings b1_0
2026-07-27T15:24:14.588+05:30 DEBUG 100295 --- [clinzo] [           main] org.hibernate.SQL                        : select s1_0.id,s1_0.availability_window_id,s1_0.created_at,s1_0.doctor_id,s1_0.end_time_utc,s1_0.start_time_utc,s1_0.status,s1_0.updated_at,s1_0.version from slots s1_0
2026-07-27T15:24:14.591+05:30 DEBUG 100295 --- [clinzo] [           main] org.hibernate.SQL                        : delete from slots where id=? and version=?
2026-07-27T15:24:14.594+05:30 DEBUG 100295 --- [clinzo] [           main] org.hibernate.SQL                        : delete from slots where id=? and version=?
2026-07-27T15:24:14.595+05:30 DEBUG 100295 --- [clinzo] [           main] org.hibernate.SQL                        : delete from slots where id=? and version=?
2026-07-27T15:24:14.596+05:30 DEBUG 100295 --- [clinzo] [           main] org.hibernate.SQL                        : delete from slots where id=? and version=?
2026-07-27T15:24:14.599+05:30 DEBUG 100295 --- [clinzo] [           main] org.hibernate.SQL                        : select aw1_0.id,aw1_0.active,aw1_0.appointment_type,aw1_0.buffer_minutes,aw1_0.created_at,aw1_0.day_of_week,aw1_0.doctor_id,aw1_0.end_time_utc,aw1_0.is_recurring,aw1_0.slot_duration_minutes,aw1_0.specific_date,aw1_0.start_time_utc,aw1_0.updated_at from availability_windows aw1_0
2026-07-27T15:24:14.602+05:30 DEBUG 100295 --- [clinzo] [           main] org.hibernate.SQL                        : delete from availability_windows where id=?
2026-07-27T15:24:14.608+05:30 DEBUG 100295 --- [clinzo] [           main] org.hibernate.SQL                        : select d1_0.id,d1_0.created_at,d1_0.name,d1_0.timezone,d1_0.updated_at from doctors d1_0
2026-07-27T15:24:14.611+05:30 DEBUG 100295 --- [clinzo] [           main] org.hibernate.SQL                        : delete from doctors where id=?
2026-07-27T15:24:14.617+05:30 DEBUG 100295 --- [clinzo] [           main] org.hibernate.SQL                        : insert into doctors (created_at,name,timezone,updated_at) values (?,?,?,?)
2026-07-27T15:24:14.623+05:30 DEBUG 100295 --- [clinzo] [           main] org.hibernate.SQL                        : insert into availability_windows (active,appointment_type,buffer_minutes,created_at,day_of_week,doctor_id,end_time_utc,is_recurring,slot_duration_minutes,specific_date,start_time_utc,updated_at) values (?,?,?,?,?,?,?,?,?,?,?,?)
2026-07-27T15:24:14.635+05:30 DEBUG 100295 --- [clinzo] [           main] org.hibernate.SQL                        : select s1_0.id,s1_0.availability_window_id,s1_0.created_at,s1_0.doctor_id,s1_0.end_time_utc,s1_0.start_time_utc,s1_0.status,s1_0.updated_at,s1_0.version from slots s1_0 where s1_0.doctor_id=? and s1_0.start_time_utc between ? and ?
2026-07-27T15:24:14.641+05:30  INFO 100295 --- [clinzo] [           main] c.clinzo.service.SlotGenerationService   : Generated 0 slots for window 46 (doctor 41), 0 already existed
]]></system-out>
  </testcase>
  <testcase name="bufferReducesSlotCount" classname="com.clinzo.service.SlotGenerationServiceTest" time="0.12">
    <system-out><![CDATA[2026-07-27T15:24:14.680+05:30 DEBUG 100295 --- [clinzo] [           main] org.hibernate.SQL                        : select b1_0.id,b1_0.created_at,b1_0.hold_expires_at,b1_0.hold_token,b1_0.patient_id,b1_0.slot_id,b1_0.status,b1_0.updated_at from bookings b1_0
2026-07-27T15:24:14.692+05:30 DEBUG 100295 --- [clinzo] [           main] org.hibernate.SQL                        : select s1_0.id,s1_0.availability_window_id,s1_0.created_at,s1_0.doctor_id,s1_0.end_time_utc,s1_0.start_time_utc,s1_0.status,s1_0.updated_at,s1_0.version from slots s1_0
2026-07-27T15:24:14.699+05:30 DEBUG 100295 --- [clinzo] [           main] org.hibernate.SQL                        : select aw1_0.id,aw1_0.active,aw1_0.appointment_type,aw1_0.buffer_minutes,aw1_0.created_at,aw1_0.day_of_week,aw1_0.doctor_id,aw1_0.end_time_utc,aw1_0.is_recurring,aw1_0.slot_duration_minutes,aw1_0.specific_date,aw1_0.start_time_utc,aw1_0.updated_at from availability_windows aw1_0
2026-07-27T15:24:14.704+05:30 DEBUG 100295 --- [clinzo] [           main] org.hibernate.SQL                        : delete from availability_windows where id=?
2026-07-27T15:24:14.711+05:30 DEBUG 100295 --- [clinzo] [           main] org.hibernate.SQL                        : select d1_0.id,d1_0.created_at,d1_0.name,d1_0.timezone,d1_0.updated_at from doctors d1_0
2026-07-27T15:24:14.713+05:30 DEBUG 100295 --- [clinzo] [           main] org.hibernate.SQL                        : delete from doctors where id=?
2026-07-27T15:24:14.721+05:30 DEBUG 100295 --- [clinzo] [           main] org.hibernate.SQL                        : insert into doctors (created_at,name,timezone,updated_at) values (?,?,?,?)
2026-07-27T15:24:14.730+05:30 DEBUG 100295 --- [clinzo] [           main] org.hibernate.SQL                        : insert into availability_windows (active,appointment_type,buffer_minutes,created_at,day_of_week,doctor_id,end_time_utc,is_recurring,slot_duration_minutes,specific_date,start_time_utc,updated_at) values (?,?,?,?,?,?,?,?,?,?,?,?)
2026-07-27T15:24:14.753+05:30 DEBUG 100295 --- [clinzo] [           main] org.hibernate.SQL                        : select s1_0.id,s1_0.availability_window_id,s1_0.created_at,s1_0.doctor_id,s1_0.end_time_utc,s1_0.start_time_utc,s1_0.status,s1_0.updated_at,s1_0.version from slots s1_0 where s1_0.doctor_id=? and s1_0.start_time_utc between ? and ?
2026-07-27T15:24:14.759+05:30 DEBUG 100295 --- [clinzo] [           main] org.hibernate.SQL                        : insert into slots (availability_window_id,created_at,doctor_id,end_time_utc,start_time_utc,status,updated_at,version) values (?,?,?,?,?,?,?,?)
2026-07-27T15:24:14.761+05:30 DEBUG 100295 --- [clinzo] [           main] org.hibernate.SQL                        : insert into slots (availability_window_id,created_at,doctor_id,end_time_utc,start_time_utc,status,updated_at,version) values (?,?,?,?,?,?,?,?)
2026-07-27T15:24:14.768+05:30 DEBUG 100295 --- [clinzo] [           main] org.hibernate.SQL                        : insert into slots (availability_window_id,created_at,doctor_id,end_time_utc,start_time_utc,status,updated_at,version) values (?,?,?,?,?,?,?,?)
2026-07-27T15:24:14.773+05:30  INFO 100295 --- [clinzo] [           main] c.clinzo.service.SlotGenerationService   : Generated 3 slots for window 47 (doctor 42), 0 already existed
]]></system-out>
  </testcase>
  <testcase name="exactDivision_noBuffer" classname="com.clinzo.service.SlotGenerationServiceTest" time="0.077">
    <system-out><![CDATA[2026-07-27T15:24:14.785+05:30 DEBUG 100295 --- [clinzo] [           main] org.hibernate.SQL                        : select b1_0.id,b1_0.created_at,b1_0.hold_expires_at,b1_0.hold_token,b1_0.patient_id,b1_0.slot_id,b1_0.status,b1_0.updated_at from bookings b1_0
2026-07-27T15:24:14.788+05:30 DEBUG 100295 --- [clinzo] [           main] org.hibernate.SQL                        : select s1_0.id,s1_0.availability_window_id,s1_0.created_at,s1_0.doctor_id,s1_0.end_time_utc,s1_0.start_time_utc,s1_0.status,s1_0.updated_at,s1_0.version from slots s1_0
2026-07-27T15:24:14.791+05:30 DEBUG 100295 --- [clinzo] [           main] org.hibernate.SQL                        : delete from slots where id=? and version=?
2026-07-27T15:24:14.792+05:30 DEBUG 100295 --- [clinzo] [           main] org.hibernate.SQL                        : delete from slots where id=? and version=?
2026-07-27T15:24:14.793+05:30 DEBUG 100295 --- [clinzo] [           main] org.hibernate.SQL                        : delete from slots where id=? and version=?
2026-07-27T15:24:14.799+05:30 DEBUG 100295 --- [clinzo] [           main] org.hibernate.SQL                        : select aw1_0.id,aw1_0.active,aw1_0.appointment_type,aw1_0.buffer_minutes,aw1_0.created_at,aw1_0.day_of_week,aw1_0.doctor_id,aw1_0.end_time_utc,aw1_0.is_recurring,aw1_0.slot_duration_minutes,aw1_0.specific_date,aw1_0.start_time_utc,aw1_0.updated_at from availability_windows aw1_0
2026-07-27T15:24:14.800+05:30 DEBUG 100295 --- [clinzo] [           main] org.hibernate.SQL                        : delete from availability_windows where id=?
2026-07-27T15:24:14.803+05:30 DEBUG 100295 --- [clinzo] [           main] org.hibernate.SQL                        : select d1_0.id,d1_0.created_at,d1_0.name,d1_0.timezone,d1_0.updated_at from doctors d1_0
2026-07-27T15:24:14.805+05:30 DEBUG 100295 --- [clinzo] [           main] org.hibernate.SQL                        : delete from doctors where id=?
2026-07-27T15:24:14.808+05:30 DEBUG 100295 --- [clinzo] [           main] org.hibernate.SQL                        : insert into doctors (created_at,name,timezone,updated_at) values (?,?,?,?)
2026-07-27T15:24:14.819+05:30 DEBUG 100295 --- [clinzo] [           main] org.hibernate.SQL                        : insert into availability_windows (active,appointment_type,buffer_minutes,created_at,day_of_week,doctor_id,end_time_utc,is_recurring,slot_duration_minutes,specific_date,start_time_utc,updated_at) values (?,?,?,?,?,?,?,?,?,?,?,?)
2026-07-27T15:24:14.827+05:30 DEBUG 100295 --- [clinzo] [           main] org.hibernate.SQL                        : select s1_0.id,s1_0.availability_window_id,s1_0.created_at,s1_0.doctor_id,s1_0.end_time_utc,s1_0.start_time_utc,s1_0.status,s1_0.updated_at,s1_0.version from slots s1_0 where s1_0.doctor_id=? and s1_0.start_time_utc between ? and ?
2026-07-27T15:24:14.830+05:30 DEBUG 100295 --- [clinzo] [           main] org.hibernate.SQL                        : insert into slots (availability_window_id,created_at,doctor_id,end_time_utc,start_time_utc,status,updated_at,version) values (?,?,?,?,?,?,?,?)
2026-07-27T15:24:14.834+05:30 DEBUG 100295 --- [clinzo] [           main] org.hibernate.SQL                        : insert into slots (availability_window_id,created_at,doctor_id,end_time_utc,start_time_utc,status,updated_at,version) values (?,?,?,?,?,?,?,?)
2026-07-27T15:24:14.840+05:30 DEBUG 100295 --- [clinzo] [           main] org.hibernate.SQL                        : insert into slots (availability_window_id,created_at,doctor_id,end_time_utc,start_time_utc,status,updated_at,version) values (?,?,?,?,?,?,?,?)
2026-07-27T15:24:14.842+05:30 DEBUG 100295 --- [clinzo] [           main] org.hibernate.SQL                        : insert into slots (availability_window_id,created_at,doctor_id,end_time_utc,start_time_utc,status,updated_at,version) values (?,?,?,?,?,?,?,?)
2026-07-27T15:24:14.844+05:30  INFO 100295 --- [clinzo] [           main] c.clinzo.service.SlotGenerationService   : Generated 4 slots for window 48 (doctor 43), 0 already existed
]]></system-out>
  </testcase>
  <testcase name="inactiveWindow_noSlots" classname="com.clinzo.service.SlotGenerationServiceTest" time="0.043">
    <system-out><![CDATA[2026-07-27T15:24:14.866+05:30 DEBUG 100295 --- [clinzo] [           main] org.hibernate.SQL                        : select b1_0.id,b1_0.created_at,b1_0.hold_expires_at,b1_0.hold_token,b1_0.patient_id,b1_0.slot_id,b1_0.status,b1_0.updated_at from bookings b1_0
2026-07-27T15:24:14.869+05:30 DEBUG 100295 --- [clinzo] [           main] org.hibernate.SQL                        : select s1_0.id,s1_0.availability_window_id,s1_0.created_at,s1_0.doctor_id,s1_0.end_time_utc,s1_0.start_time_utc,s1_0.status,s1_0.updated_at,s1_0.version from slots s1_0
2026-07-27T15:24:14.873+05:30 DEBUG 100295 --- [clinzo] [           main] org.hibernate.SQL                        : delete from slots where id=? and version=?
2026-07-27T15:24:14.874+05:30 DEBUG 100295 --- [clinzo] [           main] org.hibernate.SQL                        : delete from slots where id=? and version=?
2026-07-27T15:24:14.876+05:30 DEBUG 100295 --- [clinzo] [           main] org.hibernate.SQL                        : delete from slots where id=? and version=?
2026-07-27T15:24:14.877+05:30 DEBUG 100295 --- [clinzo] [           main] org.hibernate.SQL                        : delete from slots where id=? and version=?
2026-07-27T15:24:14.882+05:30 DEBUG 100295 --- [clinzo] [           main] org.hibernate.SQL                        : select aw1_0.id,aw1_0.active,aw1_0.appointment_type,aw1_0.buffer_minutes,aw1_0.created_at,aw1_0.day_of_week,aw1_0.doctor_id,aw1_0.end_time_utc,aw1_0.is_recurring,aw1_0.slot_duration_minutes,aw1_0.specific_date,aw1_0.start_time_utc,aw1_0.updated_at from availability_windows aw1_0
2026-07-27T15:24:14.884+05:30 DEBUG 100295 --- [clinzo] [           main] org.hibernate.SQL                        : delete from availability_windows where id=?
2026-07-27T15:24:14.886+05:30 DEBUG 100295 --- [clinzo] [           main] org.hibernate.SQL                        : select d1_0.id,d1_0.created_at,d1_0.name,d1_0.timezone,d1_0.updated_at from doctors d1_0
2026-07-27T15:24:14.889+05:30 DEBUG 100295 --- [clinzo] [           main] org.hibernate.SQL                        : delete from doctors where id=?
2026-07-27T15:24:14.891+05:30 DEBUG 100295 --- [clinzo] [           main] org.hibernate.SQL                        : insert into doctors (created_at,name,timezone,updated_at) values (?,?,?,?)
2026-07-27T15:24:14.897+05:30 DEBUG 100295 --- [clinzo] [           main] org.hibernate.SQL                        : insert into availability_windows (active,appointment_type,buffer_minutes,created_at,day_of_week,doctor_id,end_time_utc,is_recurring,slot_duration_minutes,specific_date,start_time_utc,updated_at) values (?,?,?,?,?,?,?,?,?,?,?,?)
2026-07-27T15:24:14.900+05:30  WARN 100295 --- [clinzo] [           main] c.clinzo.service.SlotGenerationService   : Skipping slot generation for inactive window 49
]]></system-out>
  </testcase>
</testsuite>