<?xml version="1.0" encoding="UTF-8"?>
<testsuite xmlns:xsi="http://www.w3.org/2001/XMLSchema-instance" xsi:noNamespaceSchemaLocation="https://maven.apache.org/surefire/maven-surefire-plugin/xsd/surefire-test-report.xsd" version="3.0.2" name="com.clinzo.service.HoldExpirySchedulerTest" time="0.441" tests="3" errors="0" skipped="0" failures="0">
  <properties>
[...]
</properties>
  <testcase name="basicSweep_expiredHoldIsReverted" classname="com.clinzo.service.HoldExpirySchedulerTest" time="0.14">
    <system-out><![CDATA[2026-07-27T15:24:09.457+05:30  INFO 100295 --- [clinzo] [           main] t.c.s.AnnotationConfigContextLoaderUtils : Could not detect default configuration classes for test class [com.clinzo.service.HoldExpirySchedulerTest]: HoldExpirySchedulerTest does not declare any static, non-private, non-final, nested classes annotated with @Configuration.
2026-07-27T15:24:09.494+05:30  INFO 100295 --- [clinzo] [           main] .b.t.c.SpringBootTestContextBootstrapper : Found @SpringBootConfiguration com.clinzo.ClinzoApplication for test class com.clinzo.service.HoldExpirySchedulerTest
2026-07-27T15:24:09.525+05:30 DEBUG 100295 --- [clinzo] [           main] org.hibernate.SQL                        : select al1_0.id,al1_0.action,al1_0.actor_id,al1_0.entity_id,al1_0.entity_type,al1_0.new_state,al1_0.old_state,al1_0.timestamp from audit_logs al1_0
2026-07-27T15:24:09.527+05:30 DEBUG 100295 --- [clinzo] [           main] org.hibernate.SQL                        : delete from audit_logs where id=?
2026-07-27T15:24:09.528+05:30 DEBUG 100295 --- [clinzo] [           main] org.hibernate.SQL                        : delete from audit_logs where id=?
2026-07-27T15:24:09.532+05:30 DEBUG 100295 --- [clinzo] [           main] org.hibernate.SQL                        : select b1_0.id,b1_0.created_at,b1_0.hold_expires_at,b1_0.hold_token,b1_0.patient_id,b1_0.slot_id,b1_0.status,b1_0.updated_at from bookings b1_0
2026-07-27T15:24:09.534+05:30 DEBUG 100295 --- [clinzo] [           main] org.hibernate.SQL                        : delete from bookings where id=?
2026-07-27T15:24:09.539+05:30 DEBUG 100295 --- [clinzo] [           main] org.hibernate.SQL                        : delete from bookings where id=?
2026-07-27T15:24:09.540+05:30 DEBUG 100295 --- [clinzo] [           main] org.hibernate.SQL                        : delete from bookings where id=?
2026-07-27T15:24:09.543+05:30 DEBUG 100295 --- [clinzo] [           main] org.hibernate.SQL                        : select s1_0.id,s1_0.availability_window_id,s1_0.created_at,s1_0.doctor_id,s1_0.end_time_utc,s1_0.start_time_utc,s1_0.status,s1_0.updated_at,s1_0.version from slots s1_0
2026-07-27T15:24:09.548+05:30 DEBUG 100295 --- [clinzo] [           main] org.hibernate.SQL                        : delete from slots where id=? and version=?
2026-07-27T15:24:09.550+05:30 DEBUG 100295 --- [clinzo] [           main] org.hibernate.SQL                        : delete from slots where id=? and version=?
2026-07-27T15:24:09.551+05:30 DEBUG 100295 --- [clinzo] [           main] org.hibernate.SQL                        : delete from slots where id=? and version=?
2026-07-27T15:24:09.554+05:30 DEBUG 100295 --- [clinzo] [           main] org.hibernate.SQL                        : select aw1_0.id,aw1_0.active,aw1_0.appointment_type,aw1_0.buffer_minutes,aw1_0.created_at,aw1_0.day_of_week,aw1_0.doctor_id,aw1_0.end_time_utc,aw1_0.is_recurring,aw1_0.slot_duration_minutes,aw1_0.specific_date,aw1_0.start_time_utc,aw1_0.updated_at from availability_windows aw1_0
2026-07-27T15:24:09.556+05:30 DEBUG 100295 --- [clinzo] [           main] org.hibernate.SQL                        : delete from availability_windows where id=?
2026-07-27T15:24:09.559+05:30 DEBUG 100295 --- [clinzo] [           main] org.hibernate.SQL                        : select d1_0.id,d1_0.created_at,d1_0.name,d1_0.timezone,d1_0.updated_at from doctors d1_0
2026-07-27T15:24:09.561+05:30 DEBUG 100295 --- [clinzo] [           main] org.hibernate.SQL                        : delete from doctors where id=?
2026-07-27T15:24:09.567+05:30 DEBUG 100295 --- [clinzo] [           main] org.hibernate.SQL                        : insert into doctors (created_at,name,timezone,updated_at) values (?,?,?,?)
2026-07-27T15:24:09.572+05:30 DEBUG 100295 --- [clinzo] [           main] org.hibernate.SQL                        : insert into availability_windows (active,appointment_type,buffer_minutes,created_at,day_of_week,doctor_id,end_time_utc,is_recurring,slot_duration_minutes,specific_date,start_time_utc,updated_at) values (?,?,?,?,?,?,?,?,?,?,?,?)
2026-07-27T15:24:09.578+05:30 DEBUG 100295 --- [clinzo] [           main] org.hibernate.SQL                        : insert into slots (availability_window_id,created_at,doctor_id,end_time_utc,start_time_utc,status,updated_at,version) values (?,?,?,?,?,?,?,?)
2026-07-27T15:24:09.583+05:30 DEBUG 100295 --- [clinzo] [           main] org.hibernate.SQL                        : insert into bookings (created_at,hold_expires_at,hold_token,patient_id,slot_id,status,updated_at) values (?,?,?,?,?,?,?)
2026-07-27T15:24:09.598+05:30 DEBUG 100295 --- [clinzo] [           main] org.hibernate.SQL                        : select b1_0.id,b1_0.created_at,b1_0.hold_expires_at,b1_0.hold_token,b1_0.patient_id,b1_0.slot_id,b1_0.status,b1_0.updated_at from bookings b1_0 join slots s1_0 on b1_0.slot_id=s1_0.id where b1_0.status=? and s1_0.status=? and b1_0.hold_expires_at<?
2026-07-27T15:24:09.601+05:30 DEBUG 100295 --- [clinzo] [           main] com.clinzo.service.HoldExpiryScheduler   : Starting hold expiry sweep...
2026-07-27T15:24:09.602+05:30 DEBUG 100295 --- [clinzo] [           main] org.hibernate.SQL                        : select b1_0.id,b1_0.created_at,b1_0.hold_expires_at,b1_0.hold_token,b1_0.patient_id,b1_0.slot_id,b1_0.status,b1_0.updated_at from bookings b1_0 join slots s1_0 on b1_0.slot_id=s1_0.id where b1_0.status=? and s1_0.status=? and b1_0.hold_expires_at<?
2026-07-27T15:24:09.604+05:30  INFO 100295 --- [clinzo] [           main] com.clinzo.service.HoldExpiryScheduler   : Found 1 expired holds to process
2026-07-27T15:24:09.606+05:30 DEBUG 100295 --- [clinzo] [           main] org.hibernate.SQL                        : select s1_0.id,s1_0.availability_window_id,s1_0.created_at,s1_0.doctor_id,s1_0.end_time_utc,s1_0.start_time_utc,s1_0.status,s1_0.updated_at,s1_0.version from slots s1_0 where s1_0.id=?
2026-07-27T15:24:09.610+05:30 DEBUG 100295 --- [clinzo] [           main] org.hibernate.SQL                        : update slots s1_0 set status=?,version=(s1_0.version+1),updated_at=? where s1_0.id=? and s1_0.version=? and s1_0.status in (?)
2026-07-27T15:24:09.615+05:30 DEBUG 100295 --- [clinzo] [           main] org.hibernate.SQL                        : select b1_0.id,b1_0.created_at,b1_0.hold_expires_at,b1_0.hold_token,b1_0.patient_id,b1_0.slot_id,b1_0.status,b1_0.updated_at from bookings b1_0 where b1_0.id=?
2026-07-27T15:24:09.623+05:30 DEBUG 100295 --- [clinzo] [           main] org.hibernate.SQL                        : insert into audit_logs (action,actor_id,entity_id,entity_type,new_state,old_state,timestamp) values (?,?,?,?,?,?,?)
2026-07-27T15:24:09.626+05:30 DEBUG 100295 --- [clinzo] [           main] com.clinzo.service.AuditService          : AuditLog saved for SLOT 84 - Action: HOLD_EXPIRED
2026-07-27T15:24:09.626+05:30  INFO 100295 --- [clinzo] [           main] com.clinzo.service.HoldExpiryProcessor   : Successfully expired hold for slot 84 (booking 31)
2026-07-27T15:24:09.627+05:30 DEBUG 100295 --- [clinzo] [           main] org.hibernate.SQL                        : update bookings set hold_expires_at=?,hold_token=?,patient_id=?,slot_id=?,status=?,updated_at=? where id=?
2026-07-27T15:24:09.629+05:30 DEBUG 100295 --- [clinzo] [           main] com.clinzo.service.HoldExpiryScheduler   : Finished hold expiry sweep
2026-07-27T15:24:09.632+05:30 DEBUG 100295 --- [clinzo] [           main] org.hibernate.SQL                        : select s1_0.id,s1_0.availability_window_id,s1_0.created_at,s1_0.doctor_id,s1_0.end_time_utc,s1_0.start_time_utc,s1_0.status,s1_0.updated_at,s1_0.version from slots s1_0 where s1_0.id=?
2026-07-27T15:24:09.639+05:30 DEBUG 100295 --- [clinzo] [           main] org.hibernate.SQL                        : select b1_0.id,b1_0.created_at,b1_0.hold_expires_at,b1_0.hold_token,b1_0.patient_id,b1_0.slot_id,b1_0.status,b1_0.updated_at from bookings b1_0 where b1_0.slot_id=? and b1_0.hold_token=?
2026-07-27T15:24:09.646+05:30 DEBUG 100295 --- [clinzo] [           main] org.hibernate.SQL                        : select count(*) from audit_logs al1_0
2026-07-27T15:24:09.650+05:30 DEBUG 100295 --- [clinzo] [           main] org.hibernate.SQL                        : select al1_0.id,al1_0.action,al1_0.actor_id,al1_0.entity_id,al1_0.entity_type,al1_0.new_state,al1_0.old_state,al1_0.timestamp from audit_logs al1_0
]]></system-out>
  </testcase>
  <testcase name="sweepNoOp_whenSlotAlreadyConfirmed" classname="com.clinzo.service.HoldExpirySchedulerTest" time="0.125">
    <system-out><![CDATA[2026-07-27T15:24:09.669+05:30 DEBUG 100295 --- [clinzo] [           main] org.hibernate.SQL                        : select al1_0.id,al1_0.action,al1_0.actor_id,al1_0.entity_id,al1_0.entity_type,al1_0.new_state,al1_0.old_state,al1_0.timestamp from audit_logs al1_0
2026-07-27T15:24:09.671+05:30 DEBUG 100295 --- [clinzo] [           main] org.hibernate.SQL                        : delete from audit_logs where id=?
2026-07-27T15:24:09.677+05:30 DEBUG 100295 --- [clinzo] [           main] org.hibernate.SQL                        : select b1_0.id,b1_0.created_at,b1_0.hold_expires_at,b1_0.hold_token,b1_0.patient_id,b1_0.slot_id,b1_0.status,b1_0.updated_at from bookings b1_0
2026-07-27T15:24:09.680+05:30 DEBUG 100295 --- [clinzo] [           main] org.hibernate.SQL                        : delete from bookings where id=?
2026-07-27T15:24:09.686+05:30 DEBUG 100295 --- [clinzo] [           main] org.hibernate.SQL                        : select s1_0.id,s1_0.availability_window_id,s1_0.created_at,s1_0.doctor_id,s1_0.end_time_utc,s1_0.start_time_utc,s1_0.status,s1_0.updated_at,s1_0.version from slots s1_0
2026-07-27T15:24:09.691+05:30 DEBUG 100295 --- [clinzo] [           main] org.hibernate.SQL                        : delete from slots where id=? and version=?
2026-07-27T15:24:09.694+05:30 DEBUG 100295 --- [clinzo] [           main] org.hibernate.SQL                        : select aw1_0.id,aw1_0.active,aw1_0.appointment_type,aw1_0.buffer_minutes,aw1_0.created_at,aw1_0.day_of_week,aw1_0.doctor_id,aw1_0.end_time_utc,aw1_0.is_recurring,aw1_0.slot_duration_minutes,aw1_0.specific_date,aw1_0.start_time_utc,aw1_0.updated_at from availability_windows aw1_0
2026-07-27T15:24:09.695+05:30 DEBUG 100295 --- [clinzo] [           main] org.hibernate.SQL                        : delete from availability_windows where id=?
2026-07-27T15:24:09.700+05:30 DEBUG 100295 --- [clinzo] [           main] org.hibernate.SQL                        : select d1_0.id,d1_0.created_at,d1_0.name,d1_0.timezone,d1_0.updated_at from doctors d1_0
2026-07-27T15:24:09.701+05:30 DEBUG 100295 --- [clinzo] [           main] org.hibernate.SQL                        : delete from doctors where id=?
2026-07-27T15:24:09.707+05:30 DEBUG 100295 --- [clinzo] [           main] org.hibernate.SQL                        : insert into doctors (created_at,name,timezone,updated_at) values (?,?,?,?)
2026-07-27T15:24:09.717+05:30 DEBUG 100295 --- [clinzo] [           main] org.hibernate.SQL                        : insert into availability_windows (active,appointment_type,buffer_minutes,created_at,day_of_week,doctor_id,end_time_utc,is_recurring,slot_duration_minutes,specific_date,start_time_utc,updated_at) values (?,?,?,?,?,?,?,?,?,?,?,?)
2026-07-27T15:24:09.722+05:30 DEBUG 100295 --- [clinzo] [           main] org.hibernate.SQL                        : insert into slots (availability_window_id,created_at,doctor_id,end_time_utc,start_time_utc,status,updated_at,version) values (?,?,?,?,?,?,?,?)
2026-07-27T15:24:09.726+05:30 DEBUG 100295 --- [clinzo] [           main] org.hibernate.SQL                        : insert into bookings (created_at,hold_expires_at,hold_token,patient_id,slot_id,status,updated_at) values (?,?,?,?,?,?,?)
2026-07-27T15:24:09.733+05:30 DEBUG 100295 --- [clinzo] [           main] org.hibernate.SQL                        : select s1_0.id,s1_0.availability_window_id,s1_0.created_at,s1_0.doctor_id,s1_0.end_time_utc,s1_0.start_time_utc,s1_0.status,s1_0.updated_at,s1_0.version from slots s1_0 where s1_0.id=?
2026-07-27T15:24:09.737+05:30 DEBUG 100295 --- [clinzo] [           main] org.hibernate.SQL                        : update slots s1_0 set status=?,version=(s1_0.version+1),updated_at=? where s1_0.id=? and s1_0.version=? and s1_0.status in (?,?)
2026-07-27T15:24:09.742+05:30 DEBUG 100295 --- [clinzo] [           main] org.hibernate.SQL                        : select b1_0.id,b1_0.created_at,b1_0.hold_expires_at,b1_0.hold_token,b1_0.patient_id,b1_0.slot_id,b1_0.status,b1_0.updated_at from bookings b1_0 where b1_0.slot_id=? and b1_0.hold_token=?
2026-07-27T15:24:09.746+05:30 DEBUG 100295 --- [clinzo] [           main] org.hibernate.SQL                        : insert into audit_logs (action,actor_id,entity_id,entity_type,new_state,old_state,timestamp) values (?,?,?,?,?,?,?)
2026-07-27T15:24:09.749+05:30 DEBUG 100295 --- [clinzo] [           main] com.clinzo.service.AuditService          : AuditLog saved for BOOKING 32 - Action: CONFIRM
2026-07-27T15:24:09.750+05:30  INFO 100295 --- [clinzo] [           main] com.clinzo.service.BookingService        : Booking confirmed successfully: bookingId=32, slotId=85, patientId=patient-1
2026-07-27T15:24:09.751+05:30 DEBUG 100295 --- [clinzo] [           main] org.hibernate.SQL                        : update bookings set hold_expires_at=?,hold_token=?,patient_id=?,slot_id=?,status=?,updated_at=? where id=?
2026-07-27T15:24:09.753+05:30 DEBUG 100295 --- [clinzo] [           main] org.hibernate.SQL                        : select count(*) from audit_logs al1_0
2026-07-27T15:24:09.758+05:30 DEBUG 100295 --- [clinzo] [           main] org.hibernate.SQL                        : select b1_0.id,b1_0.created_at,b1_0.hold_expires_at,b1_0.hold_token,b1_0.patient_id,b1_0.slot_id,b1_0.status,b1_0.updated_at from bookings b1_0 where b1_0.slot_id=? and b1_0.hold_token=?
2026-07-27T15:24:09.760+05:30 DEBUG 100295 --- [clinzo] [           main] org.hibernate.SQL                        : select b1_0.id,b1_0.created_at,b1_0.hold_expires_at,b1_0.hold_token,b1_0.patient_id,b1_0.slot_id,b1_0.status,b1_0.updated_at from bookings b1_0 where b1_0.id=?
2026-07-27T15:24:09.763+05:30 DEBUG 100295 --- [clinzo] [           main] org.hibernate.SQL                        : update bookings set hold_expires_at=?,hold_token=?,patient_id=?,slot_id=?,status=?,updated_at=? where id=?
2026-07-27T15:24:09.765+05:30 DEBUG 100295 --- [clinzo] [           main] com.clinzo.service.HoldExpiryScheduler   : Starting hold expiry sweep...
2026-07-27T15:24:09.766+05:30 DEBUG 100295 --- [clinzo] [           main] org.hibernate.SQL                        : select b1_0.id,b1_0.created_at,b1_0.hold_expires_at,b1_0.hold_token,b1_0.patient_id,b1_0.slot_id,b1_0.status,b1_0.updated_at from bookings b1_0 join slots s1_0 on b1_0.slot_id=s1_0.id where b1_0.status=? and s1_0.status=? and b1_0.hold_expires_at<?
2026-07-27T15:24:09.769+05:30 DEBUG 100295 --- [clinzo] [           main] org.hibernate.SQL                        : select count(*) from audit_logs al1_0
2026-07-27T15:24:09.772+05:30 DEBUG 100295 --- [clinzo] [           main] org.hibernate.SQL                        : select s1_0.id,s1_0.availability_window_id,s1_0.created_at,s1_0.doctor_id,s1_0.end_time_utc,s1_0.start_time_utc,s1_0.status,s1_0.updated_at,s1_0.version from slots s1_0 where s1_0.id=?
]]></system-out>
  </testcase>
  <testcase name="sweepVsConfirmRace" classname="com.clinzo.service.HoldExpirySchedulerTest" time="0.111">
    <system-out><![CDATA[2026-07-27T15:24:09.791+05:30 DEBUG 100295 --- [clinzo] [           main] org.hibernate.SQL                        : select al1_0.id,al1_0.action,al1_0.actor_id,al1_0.entity_id,al1_0.entity_type,al1_0.new_state,al1_0.old_state,al1_0.timestamp from audit_logs al1_0
2026-07-27T15:24:09.793+05:30 DEBUG 100295 --- [clinzo] [           main] org.hibernate.SQL                        : delete from audit_logs where id=?
2026-07-27T15:24:09.801+05:30 DEBUG 100295 --- [clinzo] [           main] org.hibernate.SQL                        : select b1_0.id,b1_0.created_at,b1_0.hold_expires_at,b1_0.hold_token,b1_0.patient_id,b1_0.slot_id,b1_0.status,b1_0.updated_at from bookings b1_0
2026-07-27T15:24:09.802+05:30 DEBUG 100295 --- [clinzo] [           main] org.hibernate.SQL                        : delete from bookings where id=?
2026-07-27T15:24:09.807+05:30 DEBUG 100295 --- [clinzo] [           main] org.hibernate.SQL                        : select s1_0.id,s1_0.availability_window_id,s1_0.created_at,s1_0.doctor_id,s1_0.end_time_utc,s1_0.start_time_utc,s1_0.status,s1_0.updated_at,s1_0.version from slots s1_0
2026-07-27T15:24:09.810+05:30 DEBUG 100295 --- [clinzo] [           main] org.hibernate.SQL                        : delete from slots where id=? and version=?
2026-07-27T15:24:09.813+05:30 DEBUG 100295 --- [clinzo] [           main] org.hibernate.SQL                        : select aw1_0.id,aw1_0.active,aw1_0.appointment_type,aw1_0.buffer_minutes,aw1_0.created_at,aw1_0.day_of_week,aw1_0.doctor_id,aw1_0.end_time_utc,aw1_0.is_recurring,aw1_0.slot_duration_minutes,aw1_0.specific_date,aw1_0.start_time_utc,aw1_0.updated_at from availability_windows aw1_0
2026-07-27T15:24:09.815+05:30 DEBUG 100295 --- [clinzo] [           main] org.hibernate.SQL                        : delete from availability_windows where id=?
2026-07-27T15:24:09.818+05:30 DEBUG 100295 --- [clinzo] [           main] org.hibernate.SQL                        : select d1_0.id,d1_0.created_at,d1_0.name,d1_0.timezone,d1_0.updated_at from doctors d1_0
2026-07-27T15:24:09.821+05:30 DEBUG 100295 --- [clinzo] [           main] org.hibernate.SQL                        : delete from doctors where id=?
2026-07-27T15:24:09.828+05:30 DEBUG 100295 --- [clinzo] [           main] org.hibernate.SQL                        : insert into doctors (created_at,name,timezone,updated_at) values (?,?,?,?)
2026-07-27T15:24:09.834+05:30 DEBUG 100295 --- [clinzo] [           main] org.hibernate.SQL                        : insert into availability_windows (active,appointment_type,buffer_minutes,created_at,day_of_week,doctor_id,end_time_utc,is_recurring,slot_duration_minutes,specific_date,start_time_utc,updated_at) values (?,?,?,?,?,?,?,?,?,?,?,?)
2026-07-27T15:24:09.842+05:30 DEBUG 100295 --- [clinzo] [           main] org.hibernate.SQL                        : insert into slots (availability_window_id,created_at,doctor_id,end_time_utc,start_time_utc,status,updated_at,version) values (?,?,?,?,?,?,?,?)
2026-07-27T15:24:09.845+05:30 DEBUG 100295 --- [clinzo] [           main] org.hibernate.SQL                        : insert into bookings (created_at,hold_expires_at,hold_token,patient_id,slot_id,status,updated_at) values (?,?,?,?,?,?,?)
2026-07-27T15:24:09.855+05:30 DEBUG 100295 --- [clinzo] [ool-11-thread-1] com.clinzo.service.HoldExpiryScheduler   : Starting hold expiry sweep...
2026-07-27T15:24:09.856+05:30 DEBUG 100295 --- [clinzo] [ool-11-thread-1] org.hibernate.SQL                        : select b1_0.id,b1_0.created_at,b1_0.hold_expires_at,b1_0.hold_token,b1_0.patient_id,b1_0.slot_id,b1_0.status,b1_0.updated_at from bookings b1_0 join slots s1_0 on b1_0.slot_id=s1_0.id where b1_0.status=? and s1_0.status=? and b1_0.hold_expires_at<?
2026-07-27T15:24:09.858+05:30 DEBUG 100295 --- [clinzo] [ool-11-thread-2] org.hibernate.SQL                        : select s1_0.id,s1_0.availability_window_id,s1_0.created_at,s1_0.doctor_id,s1_0.end_time_utc,s1_0.start_time_utc,s1_0.status,s1_0.updated_at,s1_0.version from slots s1_0 where s1_0.id=?
2026-07-27T15:24:09.860+05:30  INFO 100295 --- [clinzo] [ool-11-thread-1] com.clinzo.service.HoldExpiryScheduler   : Found 1 expired holds to process
2026-07-27T15:24:09.864+05:30 DEBUG 100295 --- [clinzo] [ool-11-thread-1] org.hibernate.SQL                        : select s1_0.id,s1_0.availability_window_id,s1_0.created_at,s1_0.doctor_id,s1_0.end_time_utc,s1_0.start_time_utc,s1_0.status,s1_0.updated_at,s1_0.version from slots s1_0 where s1_0.id=?
2026-07-27T15:24:09.868+05:30 DEBUG 100295 --- [clinzo] [ool-11-thread-2] org.hibernate.SQL                        : update slots s1_0 set status=?,version=(s1_0.version+1),updated_at=? where s1_0.id=? and s1_0.version=? and s1_0.status in (?,?)
2026-07-27T15:24:09.869+05:30 DEBUG 100295 --- [clinzo] [ool-11-thread-1] org.hibernate.SQL                        : update slots s1_0 set status=?,version=(s1_0.version+1),updated_at=? where s1_0.id=? and s1_0.version=? and s1_0.status in (?)
2026-07-27T15:24:09.877+05:30 DEBUG 100295 --- [clinzo] [ool-11-thread-2] org.hibernate.SQL                        : select b1_0.id,b1_0.created_at,b1_0.hold_expires_at,b1_0.hold_token,b1_0.patient_id,b1_0.slot_id,b1_0.status,b1_0.updated_at from bookings b1_0 where b1_0.slot_id=? and b1_0.hold_token=?
2026-07-27T15:24:09.880+05:30 DEBUG 100295 --- [clinzo] [ool-11-thread-2] org.hibernate.SQL                        : insert into audit_logs (action,actor_id,entity_id,entity_type,new_state,old_state,timestamp) values (?,?,?,?,?,?,?)
2026-07-27T15:24:09.883+05:30 DEBUG 100295 --- [clinzo] [ool-11-thread-2] com.clinzo.service.AuditService          : AuditLog saved for BOOKING 33 - Action: CONFIRM
2026-07-27T15:24:09.883+05:30  INFO 100295 --- [clinzo] [ool-11-thread-2] com.clinzo.service.BookingService        : Booking confirmed successfully: bookingId=33, slotId=86, patientId=patient-1
2026-07-27T15:24:09.883+05:30 DEBUG 100295 --- [clinzo] [ool-11-thread-2] org.hibernate.SQL                        : update bookings set hold_expires_at=?,hold_token=?,patient_id=?,slot_id=?,status=?,updated_at=? where id=?
2026-07-27T15:24:09.885+05:30 DEBUG 100295 --- [clinzo] [ool-11-thread-1] com.clinzo.service.HoldExpiryProcessor   : Hold expiry no-op: Slot 86 was no longer HELD (likely confirmed concurrently)
2026-07-27T15:24:09.886+05:30 DEBUG 100295 --- [clinzo] [ool-11-thread-1] com.clinzo.service.HoldExpiryScheduler   : Finished hold expiry sweep
2026-07-27T15:24:09.887+05:30 DEBUG 100295 --- [clinzo] [           main] org.hibernate.SQL                        : select s1_0.id,s1_0.availability_window_id,s1_0.created_at,s1_0.doctor_id,s1_0.end_time_utc,s1_0.start_time_utc,s1_0.status,s1_0.updated_at,s1_0.version from slots s1_0 where s1_0.id=?
]]></system-out>
  </testcase>
</testsuite>