<?xml version="1.0" encoding="UTF-8"?>
<testsuite xmlns:xsi="http://www.w3.org/2001/XMLSchema-instance" xsi:noNamespaceSchemaLocation="https://maven.apache.org/surefire/maven-surefire-plugin/xsd/surefire-test-report.xsd" version="3.0.2" name="com.clinzo.service.HoldServiceTest" time="4.408" tests="6" errors="0" skipped="0" failures="0">
  <properties>
[...]
</properties>
  <testcase name="holdSlot_success" classname="com.clinzo.service.HoldServiceTest" time="0.227">
    <system-out><![CDATA[2026-07-27T15:24:09.912+05:30  INFO 100295 --- [clinzo] [           main] t.c.s.AnnotationConfigContextLoaderUtils : Could not detect default configuration classes for test class [com.clinzo.service.HoldServiceTest]: HoldServiceTest does not declare any static, non-private, non-final, nested classes annotated with @Configuration.
2026-07-27T15:24:09.931+05:30  INFO 100295 --- [clinzo] [           main] .b.t.c.SpringBootTestContextBootstrapper : Found @SpringBootConfiguration com.clinzo.ClinzoApplication for test class com.clinzo.service.HoldServiceTest

  .   ____          _            __ _ _
 /\\ / ___'_ __ _ _(_)_ __  __ _ \ \ \ \
( ( )\___ | '_ | '_| | '_ \/ _` | \ \ \ \
 \\/  ___)| |_)| | | | | || (_| |  ) ) ) )
  '  |____| .__|_| |_|_| |_\__, | / / / /
 =========|_|==============|___/=/_/_/_/

 :: Spring Boot ::                (v3.4.3)

2026-07-27T15:24:10.016+05:30  INFO 100295 --- [clinzo] [           main] com.clinzo.service.HoldServiceTest       : Starting HoldServiceTest using Java 25.0.3 with PID 100295 (started by fedora in /home/fedora/Clinzo)
2026-07-27T15:24:10.017+05:30 DEBUG 100295 --- [clinzo] [           main] com.clinzo.service.HoldServiceTest       : Running with Spring Boot v3.4.3, Spring v6.2.3
2026-07-27T15:24:10.017+05:30  INFO 100295 --- [clinzo] [           main] com.clinzo.service.HoldServiceTest       : The following 1 profile is active: "test"
2026-07-27T15:24:10.539+05:30  INFO 100295 --- [clinzo] [           main] .s.d.r.c.RepositoryConfigurationDelegate : Multiple Spring Data modules found, entering strict repository configuration mode
2026-07-27T15:24:10.540+05:30  INFO 100295 --- [clinzo] [           main] .s.d.r.c.RepositoryConfigurationDelegate : Bootstrapping Spring Data JPA repositories in DEFAULT mode.
2026-07-27T15:24:10.577+05:30  INFO 100295 --- [clinzo] [           main] .s.d.r.c.RepositoryConfigurationDelegate : Finished Spring Data repository scanning in 27 ms. Found 5 JPA repository interfaces.
2026-07-27T15:24:10.587+05:30  INFO 100295 --- [clinzo] [           main] .s.d.r.c.RepositoryConfigurationDelegate : Multiple Spring Data modules found, entering strict repository configuration mode
2026-07-27T15:24:10.587+05:30  INFO 100295 --- [clinzo] [           main] .s.d.r.c.RepositoryConfigurationDelegate : Bootstrapping Spring Data Redis repositories in DEFAULT mode.
2026-07-27T15:24:10.594+05:30  INFO 100295 --- [clinzo] [           main] .RepositoryConfigurationExtensionSupport : Spring Data Redis - Could not safely identify store assignment for repository candidate interface com.clinzo.repository.AuditLogRepository; If you want this repository to be a Redis repository, consider annotating your entities with one of these annotations: org.springframework.data.redis.core.RedisHash (preferred), or consider extending one of the following types with your repository: org.springframework.data.keyvalue.repository.KeyValueRepository
2026-07-27T15:24:10.594+05:30  INFO 100295 --- [clinzo] [           main] .RepositoryConfigurationExtensionSupport : Spring Data Redis - Could not safely identify store assignment for repository candidate interface com.clinzo.repository.AvailabilityWindowRepository; If you want this repository to be a Redis repository, consider annotating your entities with one of these annotations: org.springframework.data.redis.core.RedisHash (preferred), or consider extending one of the following types with your repository: org.springframework.data.keyvalue.repository.KeyValueRepository
2026-07-27T15:24:10.594+05:30  INFO 100295 --- [clinzo] [           main] .RepositoryConfigurationExtensionSupport : Spring Data Redis - Could not safely identify store assignment for repository candidate interface com.clinzo.repository.BookingRepository; If you want this repository to be a Redis repository, consider annotating your entities with one of these annotations: org.springframework.data.redis.core.RedisHash (preferred), or consider extending one of the following types with your repository: org.springframework.data.keyvalue.repository.KeyValueRepository
2026-07-27T15:24:10.595+05:30  INFO 100295 --- [clinzo] [           main] .RepositoryConfigurationExtensionSupport : Spring Data Redis - Could not safely identify store assignment for repository candidate interface com.clinzo.repository.DoctorRepository; If you want this repository to be a Redis repository, consider annotating your entities with one of these annotations: org.springframework.data.redis.core.RedisHash (preferred), or consider extending one of the following types with your repository: org.springframework.data.keyvalue.repository.KeyValueRepository
2026-07-27T15:24:10.595+05:30  INFO 100295 --- [clinzo] [           main] .RepositoryConfigurationExtensionSupport : Spring Data Redis - Could not safely identify store assignment for repository candidate interface com.clinzo.repository.SlotRepository; If you want this repository to be a Redis repository, consider annotating your entities with one of these annotations: org.springframework.data.redis.core.RedisHash (preferred), or consider extending one of the following types with your repository: org.springframework.data.keyvalue.repository.KeyValueRepository
2026-07-27T15:24:10.595+05:30  INFO 100295 --- [clinzo] [           main] .s.d.r.c.RepositoryConfigurationDelegate : Finished Spring Data repository scanning in 5 ms. Found 0 Redis repository interfaces.
2026-07-27T15:24:10.987+05:30  INFO 100295 --- [clinzo] [           main] com.zaxxer.hikari.HikariDataSource       : HikariPool-3 - Starting...
2026-07-27T15:24:11.043+05:30  INFO 100295 --- [clinzo] [           main] com.zaxxer.hikari.pool.HikariPool        : HikariPool-3 - Added connection org.postgresql.jdbc.PgConnection@2626020c
2026-07-27T15:24:11.043+05:30  INFO 100295 --- [clinzo] [           main] com.zaxxer.hikari.HikariDataSource       : HikariPool-3 - Start completed.
2026-07-27T15:24:11.048+05:30  INFO 100295 --- [clinzo] [           main] org.flywaydb.core.FlywayExecutor         : Database: jdbc:postgresql://localhost:32829/clinzo_test?loggerLevel=OFF (PostgreSQL 16.14)
2026-07-27T15:24:11.083+05:30  INFO 100295 --- [clinzo] [           main] o.f.core.internal.command.DbValidate     : Successfully validated 1 migration (execution time 00:00.016s)
2026-07-27T15:24:11.164+05:30  INFO 100295 --- [clinzo] [           main] o.f.core.internal.command.DbMigrate      : Current version of schema "public": 1
2026-07-27T15:24:11.169+05:30  INFO 100295 --- [clinzo] [           main] o.f.core.internal.command.DbMigrate      : Schema "public" is up to date. No migration necessary.
2026-07-27T15:24:11.267+05:30  INFO 100295 --- [clinzo] [           main] o.hibernate.jpa.internal.util.LogHelper  : HHH000204: Processing PersistenceUnitInfo [name: default]
2026-07-27T15:24:11.275+05:30  INFO 100295 --- [clinzo] [           main] o.h.c.internal.RegionFactoryInitiator    : HHH000026: Second-level cache disabled
2026-07-27T15:24:11.340+05:30  INFO 100295 --- [clinzo] [           main] o.s.o.j.p.SpringPersistenceUnitInfo      : No LoadTimeWeaver setup: ignoring JPA class transformer
2026-07-27T15:24:11.348+05:30  WARN 100295 --- [clinzo] [           main] org.hibernate.orm.deprecation            : HHH90000025: PostgreSQLDialect does not need to be specified explicitly using 'hibernate.dialect' (remove the property setting and it will be selected by default)
2026-07-27T15:24:11.353+05:30  INFO 100295 --- [clinzo] [           main] org.hibernate.orm.connections.pooling    : HHH10001005: Database info:
	Database JDBC URL [Connecting through datasource 'HikariDataSource (HikariPool-3)']
	Database driver: undefined/unknown
	Database version: 16.14
	Autocommit mode: undefined/unknown
	Isolation level: undefined/unknown
	Minimum pool size: undefined/unknown
	Maximum pool size: undefined/unknown
2026-07-27T15:24:11.807+05:30  INFO 100295 --- [clinzo] [           main] o.h.e.t.j.p.i.JtaPlatformInitiator       : HHH000489: No JTA platform available (set 'hibernate.transaction.jta.platform' to enable JTA platform integration)
2026-07-27T15:24:11.847+05:30  INFO 100295 --- [clinzo] [           main] j.LocalContainerEntityManagerFactoryBean : Initialized JPA EntityManagerFactory for persistence unit 'default'
2026-07-27T15:24:13.325+05:30 DEBUG 100295 --- [clinzo] [   scheduling-1] com.clinzo.service.HoldExpiryScheduler   : Starting hold expiry sweep...
2026-07-27T15:24:13.329+05:30  INFO 100295 --- [clinzo] [           main] com.clinzo.service.HoldServiceTest       : Started HoldServiceTest in 3.387 seconds (process running for 45.811)
2026-07-27T15:24:13.333+05:30 DEBUG 100295 --- [clinzo] [   scheduling-1] org.hibernate.SQL                        : select b1_0.id,b1_0.created_at,b1_0.hold_expires_at,b1_0.hold_token,b1_0.patient_id,b1_0.slot_id,b1_0.status,b1_0.updated_at from bookings b1_0 join slots s1_0 on b1_0.slot_id=s1_0.id where b1_0.status=? and s1_0.status=? and b1_0.hold_expires_at<?
2026-07-27T15:24:13.373+05:30 DEBUG 100295 --- [clinzo] [           main] org.hibernate.SQL                        : select b1_0.id,b1_0.created_at,b1_0.hold_expires_at,b1_0.hold_token,b1_0.patient_id,b1_0.slot_id,b1_0.status,b1_0.updated_at from bookings b1_0
2026-07-27T15:24:13.377+05:30 DEBUG 100295 --- [clinzo] [           main] org.hibernate.SQL                        : delete from bookings where id=?
2026-07-27T15:24:13.423+05:30 DEBUG 100295 --- [clinzo] [           main] org.hibernate.SQL                        : select s1_0.id,s1_0.availability_window_id,s1_0.created_at,s1_0.doctor_id,s1_0.end_time_utc,s1_0.start_time_utc,s1_0.status,s1_0.updated_at,s1_0.version from slots s1_0
2026-07-27T15:24:13.432+05:30 DEBUG 100295 --- [clinzo] [           main] org.hibernate.SQL                        : delete from slots where id=? and version=?
2026-07-27T15:24:13.452+05:30 DEBUG 100295 --- [clinzo] [           main] org.hibernate.SQL                        : select aw1_0.id,aw1_0.active,aw1_0.appointment_type,aw1_0.buffer_minutes,aw1_0.created_at,aw1_0.day_of_week,aw1_0.doctor_id,aw1_0.end_time_utc,aw1_0.is_recurring,aw1_0.slot_duration_minutes,aw1_0.specific_date,aw1_0.start_time_utc,aw1_0.updated_at from availability_windows aw1_0
2026-07-27T15:24:13.456+05:30 DEBUG 100295 --- [clinzo] [           main] org.hibernate.SQL                        : delete from availability_windows where id=?
2026-07-27T15:24:13.460+05:30 DEBUG 100295 --- [clinzo] [           main] org.hibernate.SQL                        : select d1_0.id,d1_0.created_at,d1_0.name,d1_0.timezone,d1_0.updated_at from doctors d1_0
2026-07-27T15:24:13.465+05:30 DEBUG 100295 --- [clinzo] [           main] org.hibernate.SQL                        : delete from doctors where id=?
2026-07-27T15:24:13.498+05:30 DEBUG 100295 --- [clinzo] [           main] org.hibernate.SQL                        : insert into doctors (created_at,name,timezone,updated_at) values (?,?,?,?)
2026-07-27T15:24:13.508+05:30 DEBUG 100295 --- [clinzo] [           main] org.hibernate.SQL                        : insert into availability_windows (active,appointment_type,buffer_minutes,created_at,day_of_week,doctor_id,end_time_utc,is_recurring,slot_duration_minutes,specific_date,start_time_utc,updated_at) values (?,?,?,?,?,?,?,?,?,?,?,?)
2026-07-27T15:24:13.519+05:30 DEBUG 100295 --- [clinzo] [           main] org.hibernate.SQL                        : insert into slots (availability_window_id,created_at,doctor_id,end_time_utc,start_time_utc,status,updated_at,version) values (?,?,?,?,?,?,?,?)
2026-07-27T15:24:13.527+05:30 DEBUG 100295 --- [clinzo] [           main] org.hibernate.SQL                        : select s1_0.id,s1_0.availability_window_id,s1_0.created_at,s1_0.doctor_id,s1_0.end_time_utc,s1_0.start_time_utc,s1_0.status,s1_0.updated_at,s1_0.version from slots s1_0 where s1_0.id=?
2026-07-27T15:24:13.549+05:30 DEBUG 100295 --- [clinzo] [           main] org.hibernate.SQL                        : update slots s1_0 set status=?,version=(s1_0.version+1),updated_at=? where s1_0.id=? and s1_0.version=? and s1_0.status in (?)
2026-07-27T15:24:13.554+05:30 DEBUG 100295 --- [clinzo] [           main] org.hibernate.SQL                        : insert into bookings (created_at,hold_expires_at,hold_token,patient_id,slot_id,status,updated_at) values (?,?,?,?,?,?,?)
2026-07-27T15:24:13.556+05:30  INFO 100295 --- [clinzo] [           main] com.clinzo.service.HoldService           : Successfully held slot 87 for patient patient-101, token: 22de4ac7-8b69-4ab7-8a13-4c7dd76bb675, expiresAt: 2026-07-27T09:56:13.552813131Z
2026-07-27T15:24:13.565+05:30 DEBUG 100295 --- [clinzo] [           main] org.hibernate.SQL                        : select s1_0.id,s1_0.availability_window_id,s1_0.created_at,s1_0.doctor_id,s1_0.end_time_utc,s1_0.start_time_utc,s1_0.status,s1_0.updated_at,s1_0.version from slots s1_0 where s1_0.id=?
]]></system-out>
  </testcase>
  <testcase name="confirmBooking_validHoldToken_success" classname="com.clinzo.service.HoldServiceTest" time="0.134">
    <system-out><![CDATA[2026-07-27T15:24:13.586+05:30 DEBUG 100295 --- [clinzo] [           main] org.hibernate.SQL                        : select b1_0.id,b1_0.created_at,b1_0.hold_expires_at,b1_0.hold_token,b1_0.patient_id,b1_0.slot_id,b1_0.status,b1_0.updated_at from bookings b1_0
2026-07-27T15:24:13.589+05:30 DEBUG 100295 --- [clinzo] [           main] org.hibernate.SQL                        : delete from bookings where id=?
2026-07-27T15:24:13.594+05:30 DEBUG 100295 --- [clinzo] [           main] org.hibernate.SQL                        : select s1_0.id,s1_0.availability_window_id,s1_0.created_at,s1_0.doctor_id,s1_0.end_time_utc,s1_0.start_time_utc,s1_0.status,s1_0.updated_at,s1_0.version from slots s1_0
2026-07-27T15:24:13.602+05:30 DEBUG 100295 --- [clinzo] [           main] org.hibernate.SQL                        : delete from slots where id=? and version=?
2026-07-27T15:24:13.606+05:30 DEBUG 100295 --- [clinzo] [           main] org.hibernate.SQL                        : select aw1_0.id,aw1_0.active,aw1_0.appointment_type,aw1_0.buffer_minutes,aw1_0.created_at,aw1_0.day_of_week,aw1_0.doctor_id,aw1_0.end_time_utc,aw1_0.is_recurring,aw1_0.slot_duration_minutes,aw1_0.specific_date,aw1_0.start_time_utc,aw1_0.updated_at from availability_windows aw1_0
2026-07-27T15:24:13.609+05:30 DEBUG 100295 --- [clinzo] [           main] org.hibernate.SQL                        : delete from availability_windows where id=?
2026-07-27T15:24:13.613+05:30 DEBUG 100295 --- [clinzo] [           main] org.hibernate.SQL                        : select d1_0.id,d1_0.created_at,d1_0.name,d1_0.timezone,d1_0.updated_at from doctors d1_0
2026-07-27T15:24:13.615+05:30 DEBUG 100295 --- [clinzo] [           main] org.hibernate.SQL                        : delete from doctors where id=?
2026-07-27T15:24:13.620+05:30 DEBUG 100295 --- [clinzo] [           main] org.hibernate.SQL                        : insert into doctors (created_at,name,timezone,updated_at) values (?,?,?,?)
2026-07-27T15:24:13.625+05:30 DEBUG 100295 --- [clinzo] [           main] org.hibernate.SQL                        : insert into availability_windows (active,appointment_type,buffer_minutes,created_at,day_of_week,doctor_id,end_time_utc,is_recurring,slot_duration_minutes,specific_date,start_time_utc,updated_at) values (?,?,?,?,?,?,?,?,?,?,?,?)
2026-07-27T15:24:13.630+05:30 DEBUG 100295 --- [clinzo] [           main] org.hibernate.SQL                        : insert into slots (availability_window_id,created_at,doctor_id,end_time_utc,start_time_utc,status,updated_at,version) values (?,?,?,?,?,?,?,?)
2026-07-27T15:24:13.635+05:30 DEBUG 100295 --- [clinzo] [           main] org.hibernate.SQL                        : select s1_0.id,s1_0.availability_window_id,s1_0.created_at,s1_0.doctor_id,s1_0.end_time_utc,s1_0.start_time_utc,s1_0.status,s1_0.updated_at,s1_0.version from slots s1_0 where s1_0.id=?
2026-07-27T15:24:13.644+05:30 DEBUG 100295 --- [clinzo] [           main] org.hibernate.SQL                        : update slots s1_0 set status=?,version=(s1_0.version+1),updated_at=? where s1_0.id=? and s1_0.version=? and s1_0.status in (?)
2026-07-27T15:24:13.645+05:30 DEBUG 100295 --- [clinzo] [           main] org.hibernate.SQL                        : insert into bookings (created_at,hold_expires_at,hold_token,patient_id,slot_id,status,updated_at) values (?,?,?,?,?,?,?)
2026-07-27T15:24:13.647+05:30  INFO 100295 --- [clinzo] [           main] com.clinzo.service.HoldService           : Successfully held slot 88 for patient patient-101, token: fd81818f-faf9-4d20-8b2b-92e1d9d5598a, expiresAt: 2026-07-27T09:56:13.645497865Z
2026-07-27T15:24:13.649+05:30 DEBUG 100295 --- [clinzo] [           main] org.hibernate.SQL                        : select s1_0.id,s1_0.availability_window_id,s1_0.created_at,s1_0.doctor_id,s1_0.end_time_utc,s1_0.start_time_utc,s1_0.status,s1_0.updated_at,s1_0.version from slots s1_0 where s1_0.id=?
2026-07-27T15:24:13.656+05:30 DEBUG 100295 --- [clinzo] [           main] org.hibernate.SQL                        : update slots s1_0 set status=?,version=(s1_0.version+1),updated_at=? where s1_0.id=? and s1_0.version=? and s1_0.status in (?,?)
2026-07-27T15:24:13.663+05:30 DEBUG 100295 --- [clinzo] [           main] org.hibernate.SQL                        : select b1_0.id,b1_0.created_at,b1_0.hold_expires_at,b1_0.hold_token,b1_0.patient_id,b1_0.slot_id,b1_0.status,b1_0.updated_at from bookings b1_0 where b1_0.slot_id=? and b1_0.hold_token=?
2026-07-27T15:24:13.670+05:30 DEBUG 100295 --- [clinzo] [           main] org.hibernate.SQL                        : insert into audit_logs (action,actor_id,entity_id,entity_type,new_state,old_state,timestamp) values (?,?,?,?,?,?,?)
2026-07-27T15:24:13.673+05:30 DEBUG 100295 --- [clinzo] [           main] com.clinzo.service.AuditService          : AuditLog saved for BOOKING 35 - Action: CONFIRM
2026-07-27T15:24:13.673+05:30  INFO 100295 --- [clinzo] [           main] com.clinzo.service.BookingService        : Booking confirmed successfully: bookingId=35, slotId=88, patientId=patient-101
2026-07-27T15:24:13.673+05:30 DEBUG 100295 --- [clinzo] [           main] org.hibernate.SQL                        : update bookings set hold_expires_at=?,hold_token=?,patient_id=?,slot_id=?,status=?,updated_at=? where id=?
2026-07-27T15:24:13.681+05:30 DEBUG 100295 --- [clinzo] [           main] org.hibernate.SQL                        : select s1_0.id,s1_0.availability_window_id,s1_0.created_at,s1_0.doctor_id,s1_0.end_time_utc,s1_0.start_time_utc,s1_0.status,s1_0.updated_at,s1_0.version from slots s1_0 where s1_0.id=?
]]></system-out>
  </testcase>
  <testcase name="confirmBooking_expiredHoldToken_rejected" classname="com.clinzo.service.HoldServiceTest" time="0.164">
    <system-out><![CDATA[2026-07-27T15:24:13.727+05:30 DEBUG 100295 --- [clinzo] [           main] org.hibernate.SQL                        : select b1_0.id,b1_0.created_at,b1_0.hold_expires_at,b1_0.hold_token,b1_0.patient_id,b1_0.slot_id,b1_0.status,b1_0.updated_at from bookings b1_0
2026-07-27T15:24:13.730+05:30 DEBUG 100295 --- [clinzo] [           main] org.hibernate.SQL                        : delete from bookings where id=?
2026-07-27T15:24:13.734+05:30 DEBUG 100295 --- [clinzo] [           main] org.hibernate.SQL                        : select s1_0.id,s1_0.availability_window_id,s1_0.created_at,s1_0.doctor_id,s1_0.end_time_utc,s1_0.start_time_utc,s1_0.status,s1_0.updated_at,s1_0.version from slots s1_0
2026-07-27T15:24:13.739+05:30 DEBUG 100295 --- [clinzo] [           main] org.hibernate.SQL                        : delete from slots where id=? and version=?
2026-07-27T15:24:13.743+05:30 DEBUG 100295 --- [clinzo] [           main] org.hibernate.SQL                        : select aw1_0.id,aw1_0.active,aw1_0.appointment_type,aw1_0.buffer_minutes,aw1_0.created_at,aw1_0.day_of_week,aw1_0.doctor_id,aw1_0.end_time_utc,aw1_0.is_recurring,aw1_0.slot_duration_minutes,aw1_0.specific_date,aw1_0.start_time_utc,aw1_0.updated_at from availability_windows aw1_0
2026-07-27T15:24:13.747+05:30 DEBUG 100295 --- [clinzo] [           main] org.hibernate.SQL                        : delete from availability_windows where id=?
2026-07-27T15:24:13.753+05:30 DEBUG 100295 --- [clinzo] [           main] org.hibernate.SQL                        : select d1_0.id,d1_0.created_at,d1_0.name,d1_0.timezone,d1_0.updated_at from doctors d1_0
2026-07-27T15:24:13.757+05:30 DEBUG 100295 --- [clinzo] [           main] org.hibernate.SQL                        : delete from doctors where id=?
2026-07-27T15:24:13.780+05:30 DEBUG 100295 --- [clinzo] [           main] org.hibernate.SQL                        : insert into doctors (created_at,name,timezone,updated_at) values (?,?,?,?)
2026-07-27T15:24:13.795+05:30 DEBUG 100295 --- [clinzo] [           main] org.hibernate.SQL                        : insert into availability_windows (active,appointment_type,buffer_minutes,created_at,day_of_week,doctor_id,end_time_utc,is_recurring,slot_duration_minutes,specific_date,start_time_utc,updated_at) values (?,?,?,?,?,?,?,?,?,?,?,?)
2026-07-27T15:24:13.806+05:30 DEBUG 100295 --- [clinzo] [           main] org.hibernate.SQL                        : insert into slots (availability_window_id,created_at,doctor_id,end_time_utc,start_time_utc,status,updated_at,version) values (?,?,?,?,?,?,?,?)
2026-07-27T15:24:13.819+05:30 DEBUG 100295 --- [clinzo] [           main] org.hibernate.SQL                        : select s1_0.id,s1_0.availability_window_id,s1_0.created_at,s1_0.doctor_id,s1_0.end_time_utc,s1_0.start_time_utc,s1_0.status,s1_0.updated_at,s1_0.version from slots s1_0 where s1_0.id=?
2026-07-27T15:24:13.834+05:30 DEBUG 100295 --- [clinzo] [           main] org.hibernate.SQL                        : update slots s1_0 set status=?,version=(s1_0.version+1),updated_at=? where s1_0.id=? and s1_0.version=? and s1_0.status in (?)
2026-07-27T15:24:13.839+05:30 DEBUG 100295 --- [clinzo] [           main] org.hibernate.SQL                        : insert into bookings (created_at,hold_expires_at,hold_token,patient_id,slot_id,status,updated_at) values (?,?,?,?,?,?,?)
2026-07-27T15:24:13.845+05:30  INFO 100295 --- [clinzo] [           main] com.clinzo.service.HoldService           : Successfully held slot 89 for patient patient-101, token: 123d8995-8b63-4985-bee6-f58058d2da48, expiresAt: 2026-07-27T09:56:13.837017105Z
2026-07-27T15:24:13.855+05:30 DEBUG 100295 --- [clinzo] [           main] org.hibernate.SQL                        : select s1_0.id,s1_0.availability_window_id,s1_0.created_at,s1_0.doctor_id,s1_0.end_time_utc,s1_0.start_time_utc,s1_0.status,s1_0.updated_at,s1_0.version from slots s1_0 where s1_0.id=?
2026-07-27T15:24:13.863+05:30  WARN 100295 --- [clinzo] [           main] com.clinzo.service.BookingService        : Booking confirmation rejected for slot 89: holdToken mismatch or expired
]]></system-out>
  </testcase>
  <testcase name="holdSlot_dbUpdateFails_deletesOrphanedRedisKey" classname="com.clinzo.service.HoldServiceTest" time="0.183">
    <system-out><![CDATA[2026-07-27T15:24:13.905+05:30 DEBUG 100295 --- [clinzo] [           main] org.hibernate.SQL                        : select b1_0.id,b1_0.created_at,b1_0.hold_expires_at,b1_0.hold_token,b1_0.patient_id,b1_0.slot_id,b1_0.status,b1_0.updated_at from bookings b1_0
2026-07-27T15:24:13.910+05:30 DEBUG 100295 --- [clinzo] [           main] org.hibernate.SQL                        : delete from bookings where id=?
2026-07-27T15:24:13.920+05:30 DEBUG 100295 --- [clinzo] [           main] org.hibernate.SQL                        : select s1_0.id,s1_0.availability_window_id,s1_0.created_at,s1_0.doctor_id,s1_0.end_time_utc,s1_0.start_time_utc,s1_0.status,s1_0.updated_at,s1_0.version from slots s1_0
2026-07-27T15:24:13.925+05:30 DEBUG 100295 --- [clinzo] [           main] org.hibernate.SQL                        : delete from slots where id=? and version=?
2026-07-27T15:24:13.932+05:30 DEBUG 100295 --- [clinzo] [           main] org.hibernate.SQL                        : select aw1_0.id,aw1_0.active,aw1_0.appointment_type,aw1_0.buffer_minutes,aw1_0.created_at,aw1_0.day_of_week,aw1_0.doctor_id,aw1_0.end_time_utc,aw1_0.is_recurring,aw1_0.slot_duration_minutes,aw1_0.specific_date,aw1_0.start_time_utc,aw1_0.updated_at from availability_windows aw1_0
2026-07-27T15:24:13.935+05:30 DEBUG 100295 --- [clinzo] [           main] org.hibernate.SQL                        : delete from availability_windows where id=?
2026-07-27T15:24:13.943+05:30 DEBUG 100295 --- [clinzo] [           main] org.hibernate.SQL                        : select d1_0.id,d1_0.created_at,d1_0.name,d1_0.timezone,d1_0.updated_at from doctors d1_0
2026-07-27T15:24:13.947+05:30 DEBUG 100295 --- [clinzo] [           main] org.hibernate.SQL                        : delete from doctors where id=?
2026-07-27T15:24:13.956+05:30 DEBUG 100295 --- [clinzo] [           main] org.hibernate.SQL                        : insert into doctors (created_at,name,timezone,updated_at) values (?,?,?,?)
2026-07-27T15:24:13.963+05:30 DEBUG 100295 --- [clinzo] [           main] org.hibernate.SQL                        : insert into availability_windows (active,appointment_type,buffer_minutes,created_at,day_of_week,doctor_id,end_time_utc,is_recurring,slot_duration_minutes,specific_date,start_time_utc,updated_at) values (?,?,?,?,?,?,?,?,?,?,?,?)
2026-07-27T15:24:13.972+05:30 DEBUG 100295 --- [clinzo] [           main] org.hibernate.SQL                        : insert into slots (availability_window_id,created_at,doctor_id,end_time_utc,start_time_utc,status,updated_at,version) values (?,?,?,?,?,?,?,?)
2026-07-27T15:24:14.026+05:30 DEBUG 100295 --- [clinzo] [           main] org.hibernate.SQL                        : select s1_0.id,s1_0.availability_window_id,s1_0.created_at,s1_0.doctor_id,s1_0.end_time_utc,s1_0.start_time_utc,s1_0.status,s1_0.updated_at,s1_0.version from slots s1_0 where s1_0.id=?
2026-07-27T15:24:14.054+05:30  WARN 100295 --- [clinzo] [           main] com.clinzo.service.HoldService           : Optimistic lock failure holding slot 90 — status changed concurrently
]]></system-out>
  </testcase>
  <testcase name="holdSlot_alreadyHeld_throwsConflict" classname="com.clinzo.service.HoldServiceTest" time="0.124">
    <system-out><![CDATA[2026-07-27T15:24:14.094+05:30 DEBUG 100295 --- [clinzo] [           main] org.hibernate.SQL                        : select b1_0.id,b1_0.created_at,b1_0.hold_expires_at,b1_0.hold_token,b1_0.patient_id,b1_0.slot_id,b1_0.status,b1_0.updated_at from bookings b1_0
2026-07-27T15:24:14.107+05:30 DEBUG 100295 --- [clinzo] [           main] org.hibernate.SQL                        : select s1_0.id,s1_0.availability_window_id,s1_0.created_at,s1_0.doctor_id,s1_0.end_time_utc,s1_0.start_time_utc,s1_0.status,s1_0.updated_at,s1_0.version from slots s1_0
2026-07-27T15:24:14.114+05:30 DEBUG 100295 --- [clinzo] [           main] org.hibernate.SQL                        : delete from slots where id=? and version=?
2026-07-27T15:24:14.119+05:30 DEBUG 100295 --- [clinzo] [           main] org.hibernate.SQL                        : select aw1_0.id,aw1_0.active,aw1_0.appointment_type,aw1_0.buffer_minutes,aw1_0.created_at,aw1_0.day_of_week,aw1_0.doctor_id,aw1_0.end_time_utc,aw1_0.is_recurring,aw1_0.slot_duration_minutes,aw1_0.specific_date,aw1_0.start_time_utc,aw1_0.updated_at from availability_windows aw1_0
2026-07-27T15:24:14.125+05:30 DEBUG 100295 --- [clinzo] [           main] org.hibernate.SQL                        : delete from availability_windows where id=?
2026-07-27T15:24:14.128+05:30 DEBUG 100295 --- [clinzo] [           main] org.hibernate.SQL                        : select d1_0.id,d1_0.created_at,d1_0.name,d1_0.timezone,d1_0.updated_at from doctors d1_0
2026-07-27T15:24:14.133+05:30 DEBUG 100295 --- [clinzo] [           main] org.hibernate.SQL                        : delete from doctors where id=?
2026-07-27T15:24:14.139+05:30 DEBUG 100295 --- [clinzo] [           main] org.hibernate.SQL                        : insert into doctors (created_at,name,timezone,updated_at) values (?,?,?,?)
2026-07-27T15:24:14.144+05:30 DEBUG 100295 --- [clinzo] [           main] org.hibernate.SQL                        : insert into availability_windows (active,appointment_type,buffer_minutes,created_at,day_of_week,doctor_id,end_time_utc,is_recurring,slot_duration_minutes,specific_date,start_time_utc,updated_at) values (?,?,?,?,?,?,?,?,?,?,?,?)
2026-07-27T15:24:14.153+05:30 DEBUG 100295 --- [clinzo] [           main] org.hibernate.SQL                        : insert into slots (availability_window_id,created_at,doctor_id,end_time_utc,start_time_utc,status,updated_at,version) values (?,?,?,?,?,?,?,?)
2026-07-27T15:24:14.158+05:30 DEBUG 100295 --- [clinzo] [           main] org.hibernate.SQL                        : select s1_0.id,s1_0.availability_window_id,s1_0.created_at,s1_0.doctor_id,s1_0.end_time_utc,s1_0.start_time_utc,s1_0.status,s1_0.updated_at,s1_0.version from slots s1_0 where s1_0.id=?
2026-07-27T15:24:14.170+05:30 DEBUG 100295 --- [clinzo] [           main] org.hibernate.SQL                        : update slots s1_0 set status=?,version=(s1_0.version+1),updated_at=? where s1_0.id=? and s1_0.version=? and s1_0.status in (?)
2026-07-27T15:24:14.173+05:30 DEBUG 100295 --- [clinzo] [           main] org.hibernate.SQL                        : insert into bookings (created_at,hold_expires_at,hold_token,patient_id,slot_id,status,updated_at) values (?,?,?,?,?,?,?)
2026-07-27T15:24:14.177+05:30  INFO 100295 --- [clinzo] [           main] com.clinzo.service.HoldService           : Successfully held slot 91 for patient patient-101, token: fbc09e46-fc46-499e-9591-9bd51eab37fc, expiresAt: 2026-07-27T09:56:14.172779933Z
2026-07-27T15:24:14.181+05:30 DEBUG 100295 --- [clinzo] [           main] org.hibernate.SQL                        : select s1_0.id,s1_0.availability_window_id,s1_0.created_at,s1_0.doctor_id,s1_0.end_time_utc,s1_0.start_time_utc,s1_0.status,s1_0.updated_at,s1_0.version from slots s1_0 where s1_0.id=?
]]></system-out>
  </testcase>
  <testcase name="confirmBooking_wrongHoldToken_rejected" classname="com.clinzo.service.HoldServiceTest" time="0.111">
    <system-out><![CDATA[2026-07-27T15:24:14.216+05:30 DEBUG 100295 --- [clinzo] [           main] org.hibernate.SQL                        : select b1_0.id,b1_0.created_at,b1_0.hold_expires_at,b1_0.hold_token,b1_0.patient_id,b1_0.slot_id,b1_0.status,b1_0.updated_at from bookings b1_0
2026-07-27T15:24:14.218+05:30 DEBUG 100295 --- [clinzo] [           main] org.hibernate.SQL                        : delete from bookings where id=?
2026-07-27T15:24:14.226+05:30 DEBUG 100295 --- [clinzo] [           main] org.hibernate.SQL                        : select s1_0.id,s1_0.availability_window_id,s1_0.created_at,s1_0.doctor_id,s1_0.end_time_utc,s1_0.start_time_utc,s1_0.status,s1_0.updated_at,s1_0.version from slots s1_0
2026-07-27T15:24:14.229+05:30 DEBUG 100295 --- [clinzo] [           main] org.hibernate.SQL                        : delete from slots where id=? and version=?
2026-07-27T15:24:14.237+05:30 DEBUG 100295 --- [clinzo] [           main] org.hibernate.SQL                        : select aw1_0.id,aw1_0.active,aw1_0.appointment_type,aw1_0.buffer_minutes,aw1_0.created_at,aw1_0.day_of_week,aw1_0.doctor_id,aw1_0.end_time_utc,aw1_0.is_recurring,aw1_0.slot_duration_minutes,aw1_0.specific_date,aw1_0.start_time_utc,aw1_0.updated_at from availability_windows aw1_0
2026-07-27T15:24:14.238+05:30 DEBUG 100295 --- [clinzo] [           main] org.hibernate.SQL                        : delete from availability_windows where id=?
2026-07-27T15:24:14.243+05:30 DEBUG 100295 --- [clinzo] [           main] org.hibernate.SQL                        : select d1_0.id,d1_0.created_at,d1_0.name,d1_0.timezone,d1_0.updated_at from doctors d1_0
2026-07-27T15:24:14.247+05:30 DEBUG 100295 --- [clinzo] [           main] org.hibernate.SQL                        : delete from doctors where id=?
2026-07-27T15:24:14.256+05:30 DEBUG 100295 --- [clinzo] [           main] org.hibernate.SQL                        : insert into doctors (created_at,name,timezone,updated_at) values (?,?,?,?)
2026-07-27T15:24:14.262+05:30 DEBUG 100295 --- [clinzo] [           main] org.hibernate.SQL                        : insert into availability_windows (active,appointment_type,buffer_minutes,created_at,day_of_week,doctor_id,end_time_utc,is_recurring,slot_duration_minutes,specific_date,start_time_utc,updated_at) values (?,?,?,?,?,?,?,?,?,?,?,?)
2026-07-27T15:24:14.269+05:30 DEBUG 100295 --- [clinzo] [           main] org.hibernate.SQL                        : insert into slots (availability_window_id,created_at,doctor_id,end_time_utc,start_time_utc,status,updated_at,version) values (?,?,?,?,?,?,?,?)
2026-07-27T15:24:14.276+05:30 DEBUG 100295 --- [clinzo] [           main] org.hibernate.SQL                        : select s1_0.id,s1_0.availability_window_id,s1_0.created_at,s1_0.doctor_id,s1_0.end_time_utc,s1_0.start_time_utc,s1_0.status,s1_0.updated_at,s1_0.version from slots s1_0 where s1_0.id=?
2026-07-27T15:24:14.287+05:30 DEBUG 100295 --- [clinzo] [           main] org.hibernate.SQL                        : update slots s1_0 set status=?,version=(s1_0.version+1),updated_at=? where s1_0.id=? and s1_0.version=? and s1_0.status in (?)
2026-07-27T15:24:14.294+05:30 DEBUG 100295 --- [clinzo] [           main] org.hibernate.SQL                        : insert into bookings (created_at,hold_expires_at,hold_token,patient_id,slot_id,status,updated_at) values (?,?,?,?,?,?,?)
2026-07-27T15:24:14.296+05:30  INFO 100295 --- [clinzo] [           main] com.clinzo.service.HoldService           : Successfully held slot 92 for patient patient-101, token: bd9607fa-9a16-48d3-9c8a-88e2da26da5c, expiresAt: 2026-07-27T09:56:14.294117243Z
2026-07-27T15:24:14.301+05:30 DEBUG 100295 --- [clinzo] [           main] org.hibernate.SQL                        : select s1_0.id,s1_0.availability_window_id,s1_0.created_at,s1_0.doctor_id,s1_0.end_time_utc,s1_0.start_time_utc,s1_0.status,s1_0.updated_at,s1_0.version from slots s1_0 where s1_0.id=?
2026-07-27T15:24:14.306+05:30  WARN 100295 --- [clinzo] [           main] com.clinzo.service.BookingService        : Booking confirmation rejected for slot 92: holdToken mismatch or expired
2026-07-27T15:24:14.309+05:30 DEBUG 100295 --- [clinzo] [           main] org.hibernate.SQL                        : select s1_0.id,s1_0.availability_window_id,s1_0.created_at,s1_0.doctor_id,s1_0.end_time_utc,s1_0.start_time_utc,s1_0.status,s1_0.updated_at,s1_0.version from slots s1_0 where s1_0.id=?
]]></system-out>
  </testcase>
</testsuite>